[0.890s] Invoking command in '/Users/jeffboggs/karate_robot/simulation/ros2/karate_robot_sim': CONDA_PROMPT_MODIFIER=(ros2) PYTHONPATH=/Users/jeffboggs/karate_robot/simulation/ros2/build/karate_robot_sim/prefix_override:/Library/Frameworks/Python.framework/Versions/3.12/lib/python3.12/site-packages/colcon_core/task/python/colcon_distutils_commands:/Users/jeffboggs/karate_robot/simulation/ros2/install/karate_robot_sim/lib/python3.12/site-packages:${PYTHONPATH} SHLVL=3 _=/usr/bin/env /Library/Frameworks/Python.framework/Versions/3.12/bin/python3 -W ignore:setup.py install is deprecated -W ignore:easy_install command is deprecated setup.py egg_info --egg-base ../build/karate_robot_sim build --build-base /Users/jeffboggs/karate_robot/simulation/ros2/build/karate_robot_sim/build install --record /Users/jeffboggs/karate_robot/simulation/ros2/build/karate_robot_sim/install.log --single-version-externally-managed install_data
[1.006s] /Users/jeffboggs/miniforge3/envs/ros2/lib/python3.11/site-packages/setuptools/_distutils/dist.py:289: UserWarning: Unknown distribution option: 'tests_require'
[1.006s]   warnings.warn(msg)
[1.100s] running egg_info
[1.117s] writing ../build/karate_robot_sim/karate_robot_sim.egg-info/PKG-INFO
[1.118s] writing dependency_links to ../build/karate_robot_sim/karate_robot_sim.egg-info/dependency_links.txt
[1.118s] writing requirements to ../build/karate_robot_sim/karate_robot_sim.egg-info/requires.txt
[1.118s] writing top-level names to ../build/karate_robot_sim/karate_robot_sim.egg-info/top_level.txt
[1.153s] reading manifest file '../build/karate_robot_sim/karate_robot_sim.egg-info/SOURCES.txt'
[1.154s] writing manifest file '../build/karate_robot_sim/karate_robot_sim.egg-info/SOURCES.txt'
[1.154s] running build
[1.154s] running build_py
[1.155s] copying karate_robot_sim/__init__.py -> /Users/jeffboggs/karate_robot/simulation/ros2/build/karate_robot_sim/build/lib/karate_robot_sim
[1.155s] running install
[1.158s] running install_lib
[1.175s] running install_data
[1.175s] copying resource/karate_robot_sim -> /Users/jeffboggs/karate_robot/simulation/ros2/install/karate_robot_sim/share/ament_index/resource_index/packages
[1.176s] copying package.xml -> /Users/jeffboggs/karate_robot/simulation/ros2/install/karate_robot_sim/share/karate_robot_sim
[1.176s] copying launch/sensei_sim.launch.py -> /Users/jeffboggs/karate_robot/simulation/ros2/install/karate_robot_sim/share/karate_robot_sim/launch
[1.177s] copying launch/sensei_gazebo.launch.py -> /Users/jeffboggs/karate_robot/simulation/ros2/install/karate_robot_sim/share/karate_robot_sim/launch
[1.177s] copying launch/sensei_full.launch.py -> /Users/jeffboggs/karate_robot/simulation/ros2/install/karate_robot_sim/share/karate_robot_sim/launch
[1.178s] copying config/ros2_controllers.yaml -> /Users/jeffboggs/karate_robot/simulation/ros2/install/karate_robot_sim/share/karate_robot_sim/config
[1.178s] copying urdf/sensei_arm.urdf.xacro -> /Users/jeffboggs/karate_robot/simulation/ros2/install/karate_robot_sim/share/karate_robot_sim/urdf
[1.178s] running install_egg_info
[1.193s] removing '/Users/jeffboggs/karate_robot/simulation/ros2/install/karate_robot_sim/lib/python3.12/site-packages/karate_robot_sim-0.1.0-py3.12.egg-info' (and everything under it)
[1.194s] Copying ../build/karate_robot_sim/karate_robot_sim.egg-info to /Users/jeffboggs/karate_robot/simulation/ros2/install/karate_robot_sim/lib/python3.12/site-packages/karate_robot_sim-0.1.0-py3.12.egg-info
[1.195s] running install_scripts
[1.229s] writing list of installed files to '/Users/jeffboggs/karate_robot/simulation/ros2/build/karate_robot_sim/install.log'
[1.245s] Invoked command in '/Users/jeffboggs/karate_robot/simulation/ros2/karate_robot_sim' returned '0': CONDA_PROMPT_MODIFIER=(ros2) PYTHONPATH=/Users/jeffboggs/karate_robot/simulation/ros2/build/karate_robot_sim/prefix_override:/Library/Frameworks/Python.framework/Versions/3.12/lib/python3.12/site-packages/colcon_core/task/python/colcon_distutils_commands:/Users/jeffboggs/karate_robot/simulation/ros2/install/karate_robot_sim/lib/python3.12/site-packages:${PYTHONPATH} SHLVL=3 _=/usr/bin/env /Library/Frameworks/Python.framework/Versions/3.12/bin/python3 -W ignore:setup.py install is deprecated -W ignore:easy_install command is deprecated setup.py egg_info --egg-base ../build/karate_robot_sim build --build-base /Users/jeffboggs/karate_robot/simulation/ros2/build/karate_robot_sim/build install --record /Users/jeffboggs/karate_robot/simulation/ros2/build/karate_robot_sim/install.log --single-version-externally-managed install_data
