running egg_info
writing ../build/karate_robot_sim/karate_robot_sim.egg-info/PKG-INFO
writing dependency_links to ../build/karate_robot_sim/karate_robot_sim.egg-info/dependency_links.txt
writing requirements to ../build/karate_robot_sim/karate_robot_sim.egg-info/requires.txt
writing top-level names to ../build/karate_robot_sim/karate_robot_sim.egg-info/top_level.txt
reading manifest file '../build/karate_robot_sim/karate_robot_sim.egg-info/SOURCES.txt'
writing manifest file '../build/karate_robot_sim/karate_robot_sim.egg-info/SOURCES.txt'
running build
running build_py
copying karate_robot_sim/__init__.py -> /Users/jeffboggs/karate_robot/simulation/ros2/build/karate_robot_sim/build/lib/karate_robot_sim
running install
running install_lib
running install_data
copying resource/karate_robot_sim -> /Users/jeffboggs/karate_robot/simulation/ros2/install/karate_robot_sim/share/ament_index/resource_index/packages
copying package.xml -> /Users/jeffboggs/karate_robot/simulation/ros2/install/karate_robot_sim/share/karate_robot_sim
copying launch/sensei_sim.launch.py -> /Users/jeffboggs/karate_robot/simulation/ros2/install/karate_robot_sim/share/karate_robot_sim/launch
copying launch/sensei_gazebo.launch.py -> /Users/jeffboggs/karate_robot/simulation/ros2/install/karate_robot_sim/share/karate_robot_sim/launch
copying launch/sensei_full.launch.py -> /Users/jeffboggs/karate_robot/simulation/ros2/install/karate_robot_sim/share/karate_robot_sim/launch
copying config/ros2_controllers.yaml -> /Users/jeffboggs/karate_robot/simulation/ros2/install/karate_robot_sim/share/karate_robot_sim/config
creating /Users/jeffboggs/karate_robot/simulation/ros2/install/karate_robot_sim/share/karate_robot_sim/urdf
