[0.623s] Invoking command in '/Users/jeffboggs/karate_robot/simulation/ros2/karate_robot_sim': CONDA_PROMPT_MODIFIER=(ros2) PYTHONPATH=/Users/jeffboggs/karate_robot/simulation/ros2/build/karate_robot_sim/prefix_override:/Library/Frameworks/Python.framework/Versions/3.12/lib/python3.12/site-packages/colcon_core/task/python/colcon_distutils_commands:/Users/jeffboggs/karate_robot/simulation/ros2/install/karate_robot_sim/lib/python3.12/site-packages:${PYTHONPATH} SHLVL=3 _=/usr/bin/env /Library/Frameworks/Python.framework/Versions/3.12/bin/python3 -W ignore:setup.py install is deprecated -W ignore:easy_install command is deprecated setup.py egg_info --egg-base ../build/karate_robot_sim build --build-base /Users/jeffboggs/karate_robot/simulation/ros2/build/karate_robot_sim/build install --record /Users/jeffboggs/karate_robot/simulation/ros2/build/karate_robot_sim/install.log --single-version-externally-managed install_data
[0.738s] /Users/jeffboggs/miniforge3/envs/ros2/lib/python3.11/site-packages/setuptools/_distutils/dist.py:289: UserWarning: Unknown distribution option: 'tests_require'
[0.738s]   warnings.warn(msg)
[0.827s] running egg_info
[0.842s] writing ../build/karate_robot_sim/karate_robot_sim.egg-info/PKG-INFO
[0.842s] writing dependency_links to ../build/karate_robot_sim/karate_robot_sim.egg-info/dependency_links.txt
[0.842s] writing requirements to ../build/karate_robot_sim/karate_robot_sim.egg-info/requires.txt
[0.842s] writing top-level names to ../build/karate_robot_sim/karate_robot_sim.egg-info/top_level.txt
[0.872s] reading manifest file '../build/karate_robot_sim/karate_robot_sim.egg-info/SOURCES.txt'
[0.872s] writing manifest file '../build/karate_robot_sim/karate_robot_sim.egg-info/SOURCES.txt'
[0.872s] running build
[0.873s] running build_py
[0.873s] copying karate_robot_sim/__init__.py -> /Users/jeffboggs/karate_robot/simulation/ros2/build/karate_robot_sim/build/lib/karate_robot_sim
[0.873s] running install
[0.876s] running install_lib
[0.891s] running install_data
[0.891s] copying resource/karate_robot_sim -> /Users/jeffboggs/karate_robot/simulation/ros2/install/karate_robot_sim/share/ament_index/resource_index/packages
[0.891s] copying package.xml -> /Users/jeffboggs/karate_robot/simulation/ros2/install/karate_robot_sim/share/karate_robot_sim
[0.892s] copying launch/sensei_sim.launch.py -> /Users/jeffboggs/karate_robot/simulation/ros2/install/karate_robot_sim/share/karate_robot_sim/launch
[0.892s] copying launch/sensei_gazebo.launch.py -> /Users/jeffboggs/karate_robot/simulation/ros2/install/karate_robot_sim/share/karate_robot_sim/launch
[0.892s] copying launch/sensei_full.launch.py -> /Users/jeffboggs/karate_robot/simulation/ros2/install/karate_robot_sim/share/karate_robot_sim/launch
[0.893s] copying config/ros2_controllers.yaml -> /Users/jeffboggs/karate_robot/simulation/ros2/install/karate_robot_sim/share/karate_robot_sim/config
[0.893s] creating /Users/jeffboggs/karate_robot/simulation/ros2/install/karate_robot_sim/share/karate_robot_sim/urdf
[0.893s] error: can't copy '../urdf/sensei_arm.urdf.xacro': doesn't exist or not a regular file
[0.905s] Invoked command in '/Users/jeffboggs/karate_robot/simulation/ros2/karate_robot_sim' returned '1': CONDA_PROMPT_MODIFIER=(ros2) PYTHONPATH=/Users/jeffboggs/karate_robot/simulation/ros2/build/karate_robot_sim/prefix_override:/Library/Frameworks/Python.framework/Versions/3.12/lib/python3.12/site-packages/colcon_core/task/python/colcon_distutils_commands:/Users/jeffboggs/karate_robot/simulation/ros2/install/karate_robot_sim/lib/python3.12/site-packages:${PYTHONPATH} SHLVL=3 _=/usr/bin/env /Library/Frameworks/Python.framework/Versions/3.12/bin/python3 -W ignore:setup.py install is deprecated -W ignore:easy_install command is deprecated setup.py egg_info --egg-base ../build/karate_robot_sim build --build-base /Users/jeffboggs/karate_robot/simulation/ros2/build/karate_robot_sim/build install --record /Users/jeffboggs/karate_robot/simulation/ros2/build/karate_robot_sim/install.log --single-version-externally-managed install_data
