/Users/jeffboggs/karate_robot/simulation/ros2/install/karate_robot_sim/lib/python3.11/site-packages/karate_robot_sim/__init__.py
/Users/jeffboggs/karate_robot/simulation/ros2/install/karate_robot_sim/lib/python3.11/site-packages/karate_robot_sim/__pycache__/__init__.cpython-311.pyc
/Users/jeffboggs/karate_robot/simulation/ros2/install/karate_robot_sim/share/ament_index/resource_index/packages/karate_robot_sim
/Users/jeffboggs/karate_robot/simulation/ros2/install/karate_robot_sim/share/karate_robot_sim/package.xml
/Users/jeffboggs/karate_robot/simulation/ros2/install/karate_robot_sim/share/karate_robot_sim/launch/sensei_sim.launch.py
/Users/jeffboggs/karate_robot/simulation/ros2/install/karate_robot_sim/share/karate_robot_sim/launch/sensei_gazebo.launch.py
/Users/jeffboggs/karate_robot/simulation/ros2/install/karate_robot_sim/share/karate_robot_sim/launch/sensei_full.launch.py
/Users/jeffboggs/karate_robot/simulation/ros2/install/karate_robot_sim/share/karate_robot_sim/launch/sensei_full_body.launch.py
/Users/jeffboggs/karate_robot/simulation/ros2/install/karate_robot_sim/share/karate_robot_sim/launch/sensei_rviz.launch.py
/Users/jeffboggs/karate_robot/simulation/ros2/install/karate_robot_sim/share/karate_robot_sim/config/ros2_controllers.yaml
/Users/jeffboggs/karate_robot/simulation/ros2/install/karate_robot_sim/share/karate_robot_sim/urdf/sensei_arm.urdf.xacro
/Users/jeffboggs/karate_robot/simulation/ros2/install/karate_robot_sim/share/karate_robot_sim/urdf/sensei_base.urdf.xacro
/Users/jeffboggs/karate_robot/simulation/ros2/install/karate_robot_sim/share/karate_robot_sim/urdf/sensei_arm_left.urdf.xacro
/Users/jeffboggs/karate_robot/simulation/ros2/install/karate_robot_sim/share/karate_robot_sim/urdf/sensei_arm_right.urdf.xacro
/Users/jeffboggs/karate_robot/simulation/ros2/install/karate_robot_sim/share/karate_robot_sim/urdf/sensei_leg_left.urdf.xacro
/Users/jeffboggs/karate_robot/simulation/ros2/install/karate_robot_sim/share/karate_robot_sim/urdf/sensei_leg_right.urdf.xacro
/Users/jeffboggs/karate_robot/simulation/ros2/install/karate_robot_sim/share/karate_robot_sim/urdf/sensei_head.urdf.xacro
/Users/jeffboggs/karate_robot/simulation/ros2/install/karate_robot_sim/share/karate_robot_sim/urdf/sensei_full.urdf.xacro
/Users/jeffboggs/karate_robot/simulation/ros2/install/karate_robot_sim/share/karate_robot_sim/rviz/sensei.rviz
/Users/jeffboggs/karate_robot/simulation/ros2/install/karate_robot_sim/share/karate_robot_sim/worlds/empty.sdf
/Users/jeffboggs/karate_robot/simulation/ros2/install/karate_robot_sim/lib/python3.11/site-packages/karate_robot_sim-0.1.0-py3.11.egg-info/PKG-INFO
/Users/jeffboggs/karate_robot/simulation/ros2/install/karate_robot_sim/lib/python3.11/site-packages/karate_robot_sim-0.1.0-py3.11.egg-info/zip-safe
/Users/jeffboggs/karate_robot/simulation/ros2/install/karate_robot_sim/lib/python3.11/site-packages/karate_robot_sim-0.1.0-py3.11.egg-info/SOURCES.txt
/Users/jeffboggs/karate_robot/simulation/ros2/install/karate_robot_sim/lib/python3.11/site-packages/karate_robot_sim-0.1.0-py3.11.egg-info/requires.txt
/Users/jeffboggs/karate_robot/simulation/ros2/install/karate_robot_sim/lib/python3.11/site-packages/karate_robot_sim-0.1.0-py3.11.egg-info/top_level.txt
/Users/jeffboggs/karate_robot/simulation/ros2/install/karate_robot_sim/lib/python3.11/site-packages/karate_robot_sim-0.1.0-py3.11.egg-info/dependency_links.txt
