[0.550s] Invoking command in '/Users/jeffboggs/karate_robot/simulation/ros2/karate_robot_sim': CONDA_PROMPT_MODIFIER=(ros2) PYTHONPATH=/Users/jeffboggs/karate_robot/simulation/ros2/build/karate_robot_sim/prefix_override:/Users/jeffboggs/miniforge3/envs/ros2/lib/python3.11/site-packages/colcon_core/task/python/colcon_distutils_commands:/Users/jeffboggs/karate_robot/simulation/ros2/install/karate_robot_sim/lib/python3.11/site-packages:${PYTHONPATH} SHLVL=3 _=/usr/bin/env /Users/jeffboggs/miniforge3/envs/ros2/bin/python -W ignore:setup.py install is deprecated -W ignore:easy_install command is deprecated setup.py egg_info --egg-base ../build/karate_robot_sim build --build-base /Users/jeffboggs/karate_robot/simulation/ros2/build/karate_robot_sim/build install --record /Users/jeffboggs/karate_robot/simulation/ros2/build/karate_robot_sim/install.log --single-version-externally-managed install_data
[0.639s] /Users/jeffboggs/miniforge3/envs/ros2/lib/python3.11/site-packages/setuptools/_distutils/dist.py:289: UserWarning: Unknown distribution option: 'tests_require'
[0.639s]   warnings.warn(msg)
[0.684s] running egg_info
[0.690s] writing ../build/karate_robot_sim/karate_robot_sim.egg-info/PKG-INFO
[0.691s] writing dependency_links to ../build/karate_robot_sim/karate_robot_sim.egg-info/dependency_links.txt
[0.691s] writing requirements to ../build/karate_robot_sim/karate_robot_sim.egg-info/requires.txt
[0.692s] writing top-level names to ../build/karate_robot_sim/karate_robot_sim.egg-info/top_level.txt
[0.708s] reading manifest file '../build/karate_robot_sim/karate_robot_sim.egg-info/SOURCES.txt'
[0.708s] writing manifest file '../build/karate_robot_sim/karate_robot_sim.egg-info/SOURCES.txt'
[0.709s] running build
[0.709s] running build_py
[0.709s] copying karate_robot_sim/__init__.py -> /Users/jeffboggs/karate_robot/simulation/ros2/build/karate_robot_sim/build/lib/karate_robot_sim
[0.709s] running install
[0.712s] running install_lib
[0.719s] creating /Users/jeffboggs/karate_robot/simulation/ros2/install/karate_robot_sim/lib/python3.11/site-packages/karate_robot_sim
[0.719s] copying /Users/jeffboggs/karate_robot/simulation/ros2/build/karate_robot_sim/build/lib/karate_robot_sim/__init__.py -> /Users/jeffboggs/karate_robot/simulation/ros2/install/karate_robot_sim/lib/python3.11/site-packages/karate_robot_sim
[0.720s] byte-compiling /Users/jeffboggs/karate_robot/simulation/ros2/install/karate_robot_sim/lib/python3.11/site-packages/karate_robot_sim/__init__.py to __init__.cpython-311.pyc
[0.720s] running install_data
[0.720s] copying resource/karate_robot_sim -> /Users/jeffboggs/karate_robot/simulation/ros2/install/karate_robot_sim/share/ament_index/resource_index/packages
[0.721s] copying package.xml -> /Users/jeffboggs/karate_robot/simulation/ros2/install/karate_robot_sim/share/karate_robot_sim
[0.721s] copying launch/sensei_sim.launch.py -> /Users/jeffboggs/karate_robot/simulation/ros2/install/karate_robot_sim/share/karate_robot_sim/launch
[0.721s] copying launch/sensei_gazebo.launch.py -> /Users/jeffboggs/karate_robot/simulation/ros2/install/karate_robot_sim/share/karate_robot_sim/launch
[0.722s] copying launch/sensei_full.launch.py -> /Users/jeffboggs/karate_robot/simulation/ros2/install/karate_robot_sim/share/karate_robot_sim/launch
[0.722s] copying config/ros2_controllers.yaml -> /Users/jeffboggs/karate_robot/simulation/ros2/install/karate_robot_sim/share/karate_robot_sim/config
[0.723s] copying urdf/sensei_arm.urdf.xacro -> /Users/jeffboggs/karate_robot/simulation/ros2/install/karate_robot_sim/share/karate_robot_sim/urdf
[0.723s] running install_egg_info
[0.731s] Copying ../build/karate_robot_sim/karate_robot_sim.egg-info to /Users/jeffboggs/karate_robot/simulation/ros2/install/karate_robot_sim/lib/python3.11/site-packages/karate_robot_sim-0.1.0-py3.11.egg-info
[0.732s] running install_scripts
[0.789s] writing list of installed files to '/Users/jeffboggs/karate_robot/simulation/ros2/build/karate_robot_sim/install.log'
[0.804s] Invoked command in '/Users/jeffboggs/karate_robot/simulation/ros2/karate_robot_sim' returned '0': CONDA_PROMPT_MODIFIER=(ros2) PYTHONPATH=/Users/jeffboggs/karate_robot/simulation/ros2/build/karate_robot_sim/prefix_override:/Users/jeffboggs/miniforge3/envs/ros2/lib/python3.11/site-packages/colcon_core/task/python/colcon_distutils_commands:/Users/jeffboggs/karate_robot/simulation/ros2/install/karate_robot_sim/lib/python3.11/site-packages:${PYTHONPATH} SHLVL=3 _=/usr/bin/env /Users/jeffboggs/miniforge3/envs/ros2/bin/python -W ignore:setup.py install is deprecated -W ignore:easy_install command is deprecated setup.py egg_info --egg-base ../build/karate_robot_sim build --build-base /Users/jeffboggs/karate_robot/simulation/ros2/build/karate_robot_sim/build install --record /Users/jeffboggs/karate_robot/simulation/ros2/build/karate_robot_sim/install.log --single-version-externally-managed install_data
