[0.788s] Invoking command in '/Users/jeffboggs/karate_robot/simulation/ros2/karate_robot_bridge': CONDA_PROMPT_MODIFIER=(ros2) PYTHONPATH=/Users/jeffboggs/karate_robot/simulation/ros2/build/karate_robot_bridge/prefix_override:/Library/Frameworks/Python.framework/Versions/3.12/lib/python3.12/site-packages/colcon_core/task/python/colcon_distutils_commands:/Users/jeffboggs/karate_robot/simulation/ros2/install/karate_robot_bridge/lib/python3.12/site-packages:${PYTHONPATH} SHLVL=3 _=/usr/bin/env /Library/Frameworks/Python.framework/Versions/3.12/bin/python3 -W ignore:setup.py install is deprecated -W ignore:easy_install command is deprecated setup.py egg_info --egg-base ../build/karate_robot_bridge build --build-base /Users/jeffboggs/karate_robot/simulation/ros2/build/karate_robot_bridge/build install --record /Users/jeffboggs/karate_robot/simulation/ros2/build/karate_robot_bridge/install.log --single-version-externally-managed install_data
[0.907s] /Users/jeffboggs/miniforge3/envs/ros2/lib/python3.11/site-packages/setuptools/_distutils/dist.py:289: UserWarning: Unknown distribution option: 'tests_require'
[0.907s]   warnings.warn(msg)
[1.007s] running egg_info
[1.023s] writing ../build/karate_robot_bridge/karate_robot_bridge.egg-info/PKG-INFO
[1.023s] writing dependency_links to ../build/karate_robot_bridge/karate_robot_bridge.egg-info/dependency_links.txt
[1.023s] writing entry points to ../build/karate_robot_bridge/karate_robot_bridge.egg-info/entry_points.txt
[1.024s] writing requirements to ../build/karate_robot_bridge/karate_robot_bridge.egg-info/requires.txt
[1.024s] writing top-level names to ../build/karate_robot_bridge/karate_robot_bridge.egg-info/top_level.txt
[1.056s] reading manifest file '../build/karate_robot_bridge/karate_robot_bridge.egg-info/SOURCES.txt'
[1.057s] writing manifest file '../build/karate_robot_bridge/karate_robot_bridge.egg-info/SOURCES.txt'
[1.057s] running build
[1.057s] running build_py
[1.057s] copying karate_robot_bridge/register_bridge.py -> /Users/jeffboggs/karate_robot/simulation/ros2/build/karate_robot_bridge/build/lib/karate_robot_bridge
[1.057s] copying karate_robot_bridge/__init__.py -> /Users/jeffboggs/karate_robot/simulation/ros2/build/karate_robot_bridge/build/lib/karate_robot_bridge
[1.058s] copying karate_robot_bridge/test_pose_publisher.py -> /Users/jeffboggs/karate_robot/simulation/ros2/build/karate_robot_bridge/build/lib/karate_robot_bridge
[1.058s] running install
[1.061s] running install_lib
[1.079s] running install_data
[1.079s] copying resource/karate_robot_bridge -> /Users/jeffboggs/karate_robot/simulation/ros2/install/karate_robot_bridge/share/ament_index/resource_index/packages
[1.080s] copying package.xml -> /Users/jeffboggs/karate_robot/simulation/ros2/install/karate_robot_bridge/share/karate_robot_bridge
[1.080s] running install_egg_info
[1.097s] removing '/Users/jeffboggs/karate_robot/simulation/ros2/install/karate_robot_bridge/lib/python3.12/site-packages/karate_robot_bridge-0.1.0-py3.12.egg-info' (and everything under it)
[1.097s] Copying ../build/karate_robot_bridge/karate_robot_bridge.egg-info to /Users/jeffboggs/karate_robot/simulation/ros2/install/karate_robot_bridge/lib/python3.12/site-packages/karate_robot_bridge-0.1.0-py3.12.egg-info
[1.099s] running install_scripts
[1.134s] Installing register_bridge script to /Users/jeffboggs/karate_robot/simulation/ros2/install/karate_robot_bridge/lib/karate_robot_bridge
[1.134s] Installing test_pose_publisher script to /Users/jeffboggs/karate_robot/simulation/ros2/install/karate_robot_bridge/lib/karate_robot_bridge
[1.134s] writing list of installed files to '/Users/jeffboggs/karate_robot/simulation/ros2/build/karate_robot_bridge/install.log'
[1.161s] Invoked command in '/Users/jeffboggs/karate_robot/simulation/ros2/karate_robot_bridge' returned '0': CONDA_PROMPT_MODIFIER=(ros2) PYTHONPATH=/Users/jeffboggs/karate_robot/simulation/ros2/build/karate_robot_bridge/prefix_override:/Library/Frameworks/Python.framework/Versions/3.12/lib/python3.12/site-packages/colcon_core/task/python/colcon_distutils_commands:/Users/jeffboggs/karate_robot/simulation/ros2/install/karate_robot_bridge/lib/python3.12/site-packages:${PYTHONPATH} SHLVL=3 _=/usr/bin/env /Library/Frameworks/Python.framework/Versions/3.12/bin/python3 -W ignore:setup.py install is deprecated -W ignore:easy_install command is deprecated setup.py egg_info --egg-base ../build/karate_robot_bridge build --build-base /Users/jeffboggs/karate_robot/simulation/ros2/build/karate_robot_bridge/build install --record /Users/jeffboggs/karate_robot/simulation/ros2/build/karate_robot_bridge/install.log --single-version-externally-managed install_data
