/Library/Frameworks/Python.framework/Versions/3.12/lib/python3.12/site-packages/setuptools/_distutils/dist.py:289: UserWarning: Unknown distribution option: 'tests_require'
  warnings.warn(msg)
running egg_info
creating ../build/karate_robot_sim/karate_robot_sim.egg-info
writing ../build/karate_robot_sim/karate_robot_sim.egg-info/PKG-INFO
writing dependency_links to ../build/karate_robot_sim/karate_robot_sim.egg-info/dependency_links.txt
writing requirements to ../build/karate_robot_sim/karate_robot_sim.egg-info/requires.txt
writing top-level names to ../build/karate_robot_sim/karate_robot_sim.egg-info/top_level.txt
writing manifest file '../build/karate_robot_sim/karate_robot_sim.egg-info/SOURCES.txt'
reading manifest file '../build/karate_robot_sim/karate_robot_sim.egg-info/SOURCES.txt'
writing manifest file '../build/karate_robot_sim/karate_robot_sim.egg-info/SOURCES.txt'
running build
running build_py
creating /Users/jeffboggs/karate_robot/simulation/ros2/build/karate_robot_sim/build/lib/karate_robot_sim
copying karate_robot_sim/__init__.py -> /Users/jeffboggs/karate_robot/simulation/ros2/build/karate_robot_sim/build/lib/karate_robot_sim
running install
running install_lib
creating /Users/jeffboggs/karate_robot/simulation/ros2/install/karate_robot_sim/lib/python3.12/site-packages/karate_robot_sim
copying /Users/jeffboggs/karate_robot/simulation/ros2/build/karate_robot_sim/build/lib/karate_robot_sim/__init__.py -> /Users/jeffboggs/karate_robot/simulation/ros2/install/karate_robot_sim/lib/python3.12/site-packages/karate_robot_sim
byte-compiling /Users/jeffboggs/karate_robot/simulation/ros2/install/karate_robot_sim/lib/python3.12/site-packages/karate_robot_sim/__init__.py to __init__.cpython-312.pyc
running install_data
creating /Users/jeffboggs/karate_robot/simulation/ros2/install/karate_robot_sim/share/ament_index/resource_index/packages
copying resource/karate_robot_sim -> /Users/jeffboggs/karate_robot/simulation/ros2/install/karate_robot_sim/share/ament_index/resource_index/packages
copying package.xml -> /Users/jeffboggs/karate_robot/simulation/ros2/install/karate_robot_sim/share/karate_robot_sim
creating /Users/jeffboggs/karate_robot/simulation/ros2/install/karate_robot_sim/share/karate_robot_sim/launch
copying launch/sensei_sim.launch.py -> /Users/jeffboggs/karate_robot/simulation/ros2/install/karate_robot_sim/share/karate_robot_sim/launch
copying launch/sensei_gazebo.launch.py -> /Users/jeffboggs/karate_robot/simulation/ros2/install/karate_robot_sim/share/karate_robot_sim/launch
copying launch/sensei_full.launch.py -> /Users/jeffboggs/karate_robot/simulation/ros2/install/karate_robot_sim/share/karate_robot_sim/launch
creating /Users/jeffboggs/karate_robot/simulation/ros2/install/karate_robot_sim/share/karate_robot_sim/config
copying config/ros2_controllers.yaml -> /Users/jeffboggs/karate_robot/simulation/ros2/install/karate_robot_sim/share/karate_robot_sim/config
running install_egg_info
Copying ../build/karate_robot_sim/karate_robot_sim.egg-info to /Users/jeffboggs/karate_robot/simulation/ros2/install/karate_robot_sim/lib/python3.12/site-packages/karate_robot_sim-0.1.0-py3.12.egg-info
running install_scripts
writing list of installed files to '/Users/jeffboggs/karate_robot/simulation/ros2/build/karate_robot_sim/install.log'
