[0.202s] colcon DEBUG Command line arguments: ['/Library/Frameworks/Python.framework/Versions/3.12/bin/colcon', 'build']
[0.202s] colcon DEBUG Parsed command line arguments: Namespace(log_base=None, log_level=None, verb_name='build', build_base='build', install_base='install', merge_install=False, symlink_install=False, test_result_base=None, continue_on_error=False, executor='parallel', parallel_workers=8, event_handlers=None, ignore_user_meta=False, metas=['./colcon.meta'], base_paths=['.'], packages_ignore=None, packages_ignore_regex=None, paths=None, packages_up_to=None, packages_up_to_regex=None, packages_above=None, packages_above_and_dependencies=None, packages_above_depth=None, packages_select_by_dep=None, packages_skip_by_dep=None, packages_skip_up_to=None, packages_select_build_failed=False, packages_skip_build_finished=False, packages_select_test_failures=False, packages_skip_test_passed=False, packages_select=None, packages_skip=None, packages_select_regex=None, packages_skip_regex=None, packages_start=None, packages_end=None, cmake_args=None, cmake_target=None, cmake_target_skip_unavailable=False, cmake_clean_cache=False, cmake_clean_first=False, cmake_force_configure=False, ament_cmake_args=None, catkin_cmake_args=None, catkin_skip_building_tests=False, verb_parser=<colcon_defaults.argument_parser.defaults.DefaultArgumentsDecorator object at 0x103a26720>, verb_extension=<colcon_core.verb.build.BuildVerb object at 0x1030929f0>, main=<bound method BuildVerb.main of <colcon_core.verb.build.BuildVerb object at 0x1030929f0>>)
[0.233s] colcon.colcon_core.package_discovery Level 1 discover_packages(colcon_meta) check parameters
[0.233s] colcon.colcon_core.package_discovery Level 1 discover_packages(recursive) check parameters
[0.233s] colcon.colcon_core.package_discovery Level 1 discover_packages(ignore) check parameters
[0.233s] colcon.colcon_core.package_discovery Level 1 discover_packages(path) check parameters
[0.233s] colcon.colcon_core.package_discovery Level 1 discover_packages(colcon_meta) discover
[0.233s] colcon.colcon_core.package_discovery Level 1 discover_packages(recursive) discover
[0.233s] colcon.colcon_core.package_discovery INFO Crawling recursively for packages in '/Users/jeffboggs/karate_robot/simulation/ros2'
[0.233s] colcon.colcon_core.package_identification Level 1 _identify(.) by extensions ['ignore', 'ignore_ament_install']
[0.233s] colcon.colcon_core.package_identification Level 1 _identify(.) by extension 'ignore'
[0.233s] colcon.colcon_core.package_identification Level 1 _identify(.) by extension 'ignore_ament_install'
[0.233s] colcon.colcon_core.package_identification Level 1 _identify(.) by extensions ['colcon_pkg']
[0.233s] colcon.colcon_core.package_identification Level 1 _identify(.) by extension 'colcon_pkg'
[0.233s] colcon.colcon_core.package_identification Level 1 _identify(.) by extensions ['colcon_meta']
[0.233s] colcon.colcon_core.package_identification Level 1 _identify(.) by extension 'colcon_meta'
[0.233s] colcon.colcon_core.package_identification Level 1 _identify(.) by extensions ['ros']
[0.233s] colcon.colcon_core.package_identification Level 1 _identify(.) by extension 'ros'
[0.256s] colcon.colcon_core.package_identification Level 1 _identify(.) by extensions ['cmake', 'python']
[0.256s] colcon.colcon_core.package_identification Level 1 _identify(.) by extension 'cmake'
[0.256s] colcon.colcon_core.package_identification Level 1 _identify(.) by extension 'python'
[0.256s] colcon.colcon_core.package_identification Level 1 _identify(.) by extensions ['python_setup_py']
[0.256s] colcon.colcon_core.package_identification Level 1 _identify(.) by extension 'python_setup_py'
[0.256s] colcon.colcon_core.package_identification Level 1 _identify(build) by extensions ['ignore', 'ignore_ament_install']
[0.256s] colcon.colcon_core.package_identification Level 1 _identify(build) by extension 'ignore'
[0.256s] colcon.colcon_core.package_identification Level 1 _identify(build) ignored
[0.257s] colcon.colcon_core.package_identification Level 1 _identify(install) by extensions ['ignore', 'ignore_ament_install']
[0.257s] colcon.colcon_core.package_identification Level 1 _identify(install) by extension 'ignore'
[0.257s] colcon.colcon_core.package_identification Level 1 _identify(install) ignored
[0.257s] colcon.colcon_core.package_identification Level 1 _identify(karate_robot_bridge) by extensions ['ignore', 'ignore_ament_install']
[0.257s] colcon.colcon_core.package_identification Level 1 _identify(karate_robot_bridge) by extension 'ignore'
[0.257s] colcon.colcon_core.package_identification Level 1 _identify(karate_robot_bridge) by extension 'ignore_ament_install'
[0.257s] colcon.colcon_core.package_identification Level 1 _identify(karate_robot_bridge) by extensions ['colcon_pkg']
[0.257s] colcon.colcon_core.package_identification Level 1 _identify(karate_robot_bridge) by extension 'colcon_pkg'
[0.257s] colcon.colcon_core.package_identification Level 1 _identify(karate_robot_bridge) by extensions ['colcon_meta']
[0.257s] colcon.colcon_core.package_identification Level 1 _identify(karate_robot_bridge) by extension 'colcon_meta'
[0.257s] colcon.colcon_core.package_identification Level 1 _identify(karate_robot_bridge) by extensions ['ros']
[0.257s] colcon.colcon_core.package_identification Level 1 _identify(karate_robot_bridge) by extension 'ros'
[0.259s] colcon.colcon_core.package_identification DEBUG Package 'karate_robot_bridge' with type 'ros.ament_python' and name 'karate_robot_bridge'
[0.259s] colcon.colcon_core.package_identification Level 1 _identify(karate_robot_sim) by extensions ['ignore', 'ignore_ament_install']
[0.259s] colcon.colcon_core.package_identification Level 1 _identify(karate_robot_sim) by extension 'ignore'
[0.259s] colcon.colcon_core.package_identification Level 1 _identify(karate_robot_sim) by extension 'ignore_ament_install'
[0.259s] colcon.colcon_core.package_identification Level 1 _identify(karate_robot_sim) by extensions ['colcon_pkg']
[0.259s] colcon.colcon_core.package_identification Level 1 _identify(karate_robot_sim) by extension 'colcon_pkg'
[0.259s] colcon.colcon_core.package_identification Level 1 _identify(karate_robot_sim) by extensions ['colcon_meta']
[0.259s] colcon.colcon_core.package_identification Level 1 _identify(karate_robot_sim) by extension 'colcon_meta'
[0.259s] colcon.colcon_core.package_identification Level 1 _identify(karate_robot_sim) by extensions ['ros']
[0.259s] colcon.colcon_core.package_identification Level 1 _identify(karate_robot_sim) by extension 'ros'
[0.260s] colcon.colcon_core.package_identification DEBUG Package 'karate_robot_sim' with type 'ros.ament_python' and name 'karate_robot_sim'
[0.260s] colcon.colcon_core.package_identification Level 1 _identify(log) by extensions ['ignore', 'ignore_ament_install']
[0.260s] colcon.colcon_core.package_identification Level 1 _identify(log) by extension 'ignore'
[0.260s] colcon.colcon_core.package_identification Level 1 _identify(log) ignored
[0.260s] colcon.colcon_core.package_discovery Level 1 discover_packages(recursive) using defaults
[0.260s] colcon.colcon_core.package_discovery Level 1 discover_packages(ignore) discover
[0.260s] colcon.colcon_core.package_discovery Level 1 discover_packages(ignore) using defaults
[0.260s] colcon.colcon_core.package_discovery Level 1 discover_packages(path) discover
[0.260s] colcon.colcon_core.package_discovery Level 1 discover_packages(path) using defaults
[0.272s] colcon.colcon_core.verb Level 5 set package 'karate_robot_bridge' build argument 'cmake_args' from command line to 'None'
[0.272s] colcon.colcon_core.verb Level 5 set package 'karate_robot_bridge' build argument 'cmake_target' from command line to 'None'
[0.272s] colcon.colcon_core.verb Level 5 set package 'karate_robot_bridge' build argument 'cmake_target_skip_unavailable' from command line to 'False'
[0.272s] colcon.colcon_core.verb Level 5 set package 'karate_robot_bridge' build argument 'cmake_clean_cache' from command line to 'False'
[0.272s] colcon.colcon_core.verb Level 5 set package 'karate_robot_bridge' build argument 'cmake_clean_first' from command line to 'False'
[0.272s] colcon.colcon_core.verb Level 5 set package 'karate_robot_bridge' build argument 'cmake_force_configure' from command line to 'False'
[0.272s] colcon.colcon_core.verb Level 5 set package 'karate_robot_bridge' build argument 'ament_cmake_args' from command line to 'None'
[0.272s] colcon.colcon_core.verb Level 5 set package 'karate_robot_bridge' build argument 'catkin_cmake_args' from command line to 'None'
[0.272s] colcon.colcon_core.verb Level 5 set package 'karate_robot_bridge' build argument 'catkin_skip_building_tests' from command line to 'False'
[0.272s] colcon.colcon_core.verb DEBUG Building package 'karate_robot_bridge' with the following arguments: {'ament_cmake_args': None, 'build_base': '/Users/jeffboggs/karate_robot/simulation/ros2/build/karate_robot_bridge', 'catkin_cmake_args': None, 'catkin_skip_building_tests': False, 'cmake_args': None, 'cmake_clean_cache': False, 'cmake_clean_first': False, 'cmake_force_configure': False, 'cmake_target': None, 'cmake_target_skip_unavailable': False, 'install_base': '/Users/jeffboggs/karate_robot/simulation/ros2/install/karate_robot_bridge', 'merge_install': False, 'path': '/Users/jeffboggs/karate_robot/simulation/ros2/karate_robot_bridge', 'symlink_install': False, 'test_result_base': None}
[0.272s] colcon.colcon_core.verb Level 5 set package 'karate_robot_sim' build argument 'cmake_args' from command line to 'None'
[0.272s] colcon.colcon_core.verb Level 5 set package 'karate_robot_sim' build argument 'cmake_target' from command line to 'None'
[0.272s] colcon.colcon_core.verb Level 5 set package 'karate_robot_sim' build argument 'cmake_target_skip_unavailable' from command line to 'False'
[0.272s] colcon.colcon_core.verb Level 5 set package 'karate_robot_sim' build argument 'cmake_clean_cache' from command line to 'False'
[0.272s] colcon.colcon_core.verb Level 5 set package 'karate_robot_sim' build argument 'cmake_clean_first' from command line to 'False'
[0.272s] colcon.colcon_core.verb Level 5 set package 'karate_robot_sim' build argument 'cmake_force_configure' from command line to 'False'
[0.272s] colcon.colcon_core.verb Level 5 set package 'karate_robot_sim' build argument 'ament_cmake_args' from command line to 'None'
[0.272s] colcon.colcon_core.verb Level 5 set package 'karate_robot_sim' build argument 'catkin_cmake_args' from command line to 'None'
[0.272s] colcon.colcon_core.verb Level 5 set package 'karate_robot_sim' build argument 'catkin_skip_building_tests' from command line to 'False'
[0.272s] colcon.colcon_core.verb DEBUG Building package 'karate_robot_sim' with the following arguments: {'ament_cmake_args': None, 'build_base': '/Users/jeffboggs/karate_robot/simulation/ros2/build/karate_robot_sim', 'catkin_cmake_args': None, 'catkin_skip_building_tests': False, 'cmake_args': None, 'cmake_clean_cache': False, 'cmake_clean_first': False, 'cmake_force_configure': False, 'cmake_target': None, 'cmake_target_skip_unavailable': False, 'install_base': '/Users/jeffboggs/karate_robot/simulation/ros2/install/karate_robot_sim', 'merge_install': False, 'path': '/Users/jeffboggs/karate_robot/simulation/ros2/karate_robot_sim', 'symlink_install': False, 'test_result_base': None}
[0.272s] colcon.colcon_core.executor INFO Executing jobs using 'parallel' executor
[0.272s] colcon.colcon_parallel_executor.executor.parallel DEBUG run_until_complete
[0.273s] colcon.colcon_ros.task.ament_python.build INFO Building ROS package in '/Users/jeffboggs/karate_robot/simulation/ros2/karate_robot_bridge' with build type 'ament_python'
[0.273s] colcon.colcon_core.shell Level 1 create_environment_hook('karate_robot_bridge', 'ament_prefix_path')
[0.276s] colcon.colcon_core.plugin_system INFO Skipping extension 'colcon_core.shell.bat': Not used on non-Windows systems
[0.276s] colcon.colcon_core.shell INFO Creating environment hook '/Users/jeffboggs/karate_robot/simulation/ros2/install/karate_robot_bridge/share/karate_robot_bridge/hook/ament_prefix_path.ps1'
[0.276s] colcon.colcon_core.shell INFO Creating environment descriptor '/Users/jeffboggs/karate_robot/simulation/ros2/install/karate_robot_bridge/share/karate_robot_bridge/hook/ament_prefix_path.dsv'
[0.277s] colcon.colcon_core.shell INFO Creating environment hook '/Users/jeffboggs/karate_robot/simulation/ros2/install/karate_robot_bridge/share/karate_robot_bridge/hook/ament_prefix_path.sh'
[0.277s] colcon.colcon_core.shell INFO Skip shell extension 'powershell' for command environment: Not usable outside of PowerShell
[0.277s] colcon.colcon_core.shell DEBUG Skip shell extension 'dsv' for command environment
[0.283s] colcon.colcon_ros.task.ament_python.build INFO Building ROS package in '/Users/jeffboggs/karate_robot/simulation/ros2/karate_robot_sim' with build type 'ament_python'
[0.283s] colcon.colcon_core.shell Level 1 create_environment_hook('karate_robot_sim', 'ament_prefix_path')
[0.284s] colcon.colcon_core.shell INFO Creating environment hook '/Users/jeffboggs/karate_robot/simulation/ros2/install/karate_robot_sim/share/karate_robot_sim/hook/ament_prefix_path.ps1'
[0.284s] colcon.colcon_core.shell INFO Creating environment descriptor '/Users/jeffboggs/karate_robot/simulation/ros2/install/karate_robot_sim/share/karate_robot_sim/hook/ament_prefix_path.dsv'
[0.284s] colcon.colcon_core.shell INFO Creating environment hook '/Users/jeffboggs/karate_robot/simulation/ros2/install/karate_robot_sim/share/karate_robot_sim/hook/ament_prefix_path.sh'
[0.285s] colcon.colcon_core.shell INFO Skip shell extension 'powershell' for command environment: Not usable outside of PowerShell
[0.285s] colcon.colcon_core.shell DEBUG Skip shell extension 'dsv' for command environment
[0.460s] colcon.colcon_core.task.python.build INFO Building Python package in '/Users/jeffboggs/karate_robot/simulation/ros2/karate_robot_bridge'
[0.460s] colcon.colcon_core.shell INFO Skip shell extension 'powershell' for command environment: Not usable outside of PowerShell
[0.460s] colcon.colcon_core.shell DEBUG Skip shell extension 'dsv' for command environment
[0.632s] colcon.colcon_parallel_executor.executor.parallel DEBUG closing loop
[0.632s] colcon.colcon_parallel_executor.executor.parallel DEBUG loop closed
[0.633s] colcon.colcon_parallel_executor.executor.parallel DEBUG run_until_complete finished with ''data_files' must be relative, '/Users/jeffboggs/karate_robot/simulation/urdf/sensei_arm.urdf.xacro' is absolute'
[0.633s] colcon.colcon_core.event_reactor DEBUG joining thread
[0.634s] colcon.colcon_core.plugin_system INFO Skipping extension 'colcon_notification.desktop_notification.notify2': 'notify2' not found
[0.634s] colcon.colcon_core.plugin_system INFO Skipping extension 'colcon_notification.desktop_notification.notify_send': Not used on non-Linux systems
[0.634s] colcon.colcon_core.plugin_system INFO Skipping extension 'colcon_notification.desktop_notification.win32': Not used on non-Windows systems
[0.635s] colcon.colcon_notification.desktop_notification INFO Sending desktop notification using 'terminal_notifier'
[0.680s] colcon.colcon_core.event_reactor DEBUG joined thread
[0.680s] colcon.colcon_core.shell INFO Creating prefix script '/Users/jeffboggs/karate_robot/simulation/ros2/install/local_setup.ps1'
[0.681s] colcon.colcon_core.shell INFO Creating prefix util module '/Users/jeffboggs/karate_robot/simulation/ros2/install/_local_setup_util_ps1.py'
[0.683s] colcon.colcon_core.shell INFO Creating prefix chain script '/Users/jeffboggs/karate_robot/simulation/ros2/install/setup.ps1'
[0.683s] colcon.colcon_core.shell INFO Creating prefix script '/Users/jeffboggs/karate_robot/simulation/ros2/install/local_setup.sh'
[0.684s] colcon.colcon_core.shell INFO Creating prefix util module '/Users/jeffboggs/karate_robot/simulation/ros2/install/_local_setup_util_sh.py'
[0.684s] colcon.colcon_core.shell INFO Creating prefix chain script '/Users/jeffboggs/karate_robot/simulation/ros2/install/setup.sh'
[0.685s] colcon.colcon_core.shell INFO Creating prefix script '/Users/jeffboggs/karate_robot/simulation/ros2/install/local_setup.bash'
[0.686s] colcon.colcon_core.shell INFO Creating prefix chain script '/Users/jeffboggs/karate_robot/simulation/ros2/install/setup.bash'
[0.687s] colcon.colcon_core.shell INFO Creating prefix script '/Users/jeffboggs/karate_robot/simulation/ros2/install/local_setup.zsh'
[0.687s] colcon.colcon_core.shell INFO Creating prefix chain script '/Users/jeffboggs/karate_robot/simulation/ros2/install/setup.zsh'
