[3.443s] colcon DEBUG Command line arguments: ['/Library/Frameworks/Python.framework/Versions/3.12/bin/colcon', 'build']
[3.443s] colcon DEBUG Parsed command line arguments: Namespace(log_base=None, log_level=None, verb_name='build', build_base='build', install_base='install', merge_install=False, symlink_install=False, test_result_base=None, continue_on_error=False, executor='parallel', parallel_workers=8, event_handlers=None, ignore_user_meta=False, metas=['./colcon.meta'], base_paths=['.'], packages_ignore=None, packages_ignore_regex=None, paths=None, packages_up_to=None, packages_up_to_regex=None, packages_above=None, packages_above_and_dependencies=None, packages_above_depth=None, packages_select_by_dep=None, packages_skip_by_dep=None, packages_skip_up_to=None, packages_select_build_failed=False, packages_skip_build_finished=False, packages_select_test_failures=False, packages_skip_test_passed=False, packages_select=None, packages_skip=None, packages_select_regex=None, packages_skip_regex=None, packages_start=None, packages_end=None, cmake_args=None, cmake_target=None, cmake_target_skip_unavailable=False, cmake_clean_cache=False, cmake_clean_first=False, cmake_force_configure=False, ament_cmake_args=None, catkin_cmake_args=None, catkin_skip_building_tests=False, verb_parser=<colcon_defaults.argument_parser.defaults.DefaultArgumentsDecorator object at 0x1021fa630>, verb_extension=<colcon_core.verb.build.BuildVerb object at 0x1019727e0>, main=<bound method BuildVerb.main of <colcon_core.verb.build.BuildVerb object at 0x1019727e0>>)
[3.840s] colcon.colcon_core.package_discovery Level 1 discover_packages(colcon_meta) check parameters
[3.841s] colcon.colcon_core.package_discovery Level 1 discover_packages(recursive) check parameters
[3.841s] colcon.colcon_core.package_discovery Level 1 discover_packages(ignore) check parameters
[3.841s] colcon.colcon_core.package_discovery Level 1 discover_packages(path) check parameters
[3.841s] colcon.colcon_core.package_discovery Level 1 discover_packages(colcon_meta) discover
[3.841s] colcon.colcon_core.package_discovery Level 1 discover_packages(recursive) discover
[3.842s] colcon.colcon_core.package_discovery INFO Crawling recursively for packages in '/Users/jeffboggs/karate_robot/simulation/ros2'
[3.842s] colcon.colcon_core.package_identification Level 1 _identify(.) by extensions ['ignore', 'ignore_ament_install']
[3.842s] colcon.colcon_core.package_identification Level 1 _identify(.) by extension 'ignore'
[3.842s] colcon.colcon_core.package_identification Level 1 _identify(.) by extension 'ignore_ament_install'
[3.842s] colcon.colcon_core.package_identification Level 1 _identify(.) by extensions ['colcon_pkg']
[3.842s] colcon.colcon_core.package_identification Level 1 _identify(.) by extension 'colcon_pkg'
[3.842s] colcon.colcon_core.package_identification Level 1 _identify(.) by extensions ['colcon_meta']
[3.842s] colcon.colcon_core.package_identification Level 1 _identify(.) by extension 'colcon_meta'
[3.842s] colcon.colcon_core.package_identification Level 1 _identify(.) by extensions ['ros']
[3.842s] colcon.colcon_core.package_identification Level 1 _identify(.) by extension 'ros'
[4.028s] colcon.colcon_core.package_identification Level 1 _identify(.) by extensions ['cmake', 'python']
[4.028s] colcon.colcon_core.package_identification Level 1 _identify(.) by extension 'cmake'
[4.028s] colcon.colcon_core.package_identification Level 1 _identify(.) by extension 'python'
[4.028s] colcon.colcon_core.package_identification Level 1 _identify(.) by extensions ['python_setup_py']
[4.028s] colcon.colcon_core.package_identification Level 1 _identify(.) by extension 'python_setup_py'
[4.028s] colcon.colcon_core.package_identification Level 1 _identify(build) by extensions ['ignore', 'ignore_ament_install']
[4.028s] colcon.colcon_core.package_identification Level 1 _identify(build) by extension 'ignore'
[4.028s] colcon.colcon_core.package_identification Level 1 _identify(build) ignored
[4.029s] colcon.colcon_core.package_identification Level 1 _identify(install) by extensions ['ignore', 'ignore_ament_install']
[4.029s] colcon.colcon_core.package_identification Level 1 _identify(install) by extension 'ignore'
[4.029s] colcon.colcon_core.package_identification Level 1 _identify(install) ignored
[4.031s] colcon.colcon_core.package_identification Level 1 _identify(karate_robot_bridge) by extensions ['ignore', 'ignore_ament_install']
[4.032s] colcon.colcon_core.package_identification Level 1 _identify(karate_robot_bridge) by extension 'ignore'
[4.032s] colcon.colcon_core.package_identification Level 1 _identify(karate_robot_bridge) by extension 'ignore_ament_install'
[4.032s] colcon.colcon_core.package_identification Level 1 _identify(karate_robot_bridge) by extensions ['colcon_pkg']
[4.032s] colcon.colcon_core.package_identification Level 1 _identify(karate_robot_bridge) by extension 'colcon_pkg'
[4.032s] colcon.colcon_core.package_identification Level 1 _identify(karate_robot_bridge) by extensions ['colcon_meta']
[4.032s] colcon.colcon_core.package_identification Level 1 _identify(karate_robot_bridge) by extension 'colcon_meta'
[4.032s] colcon.colcon_core.package_identification Level 1 _identify(karate_robot_bridge) by extensions ['ros']
[4.032s] colcon.colcon_core.package_identification Level 1 _identify(karate_robot_bridge) by extension 'ros'
[4.043s] colcon.colcon_core.package_identification DEBUG Package 'karate_robot_bridge' with type 'ros.ament_python' and name 'karate_robot_bridge'
[4.043s] colcon.colcon_core.package_identification Level 1 _identify(karate_robot_sim) by extensions ['ignore', 'ignore_ament_install']
[4.043s] colcon.colcon_core.package_identification Level 1 _identify(karate_robot_sim) by extension 'ignore'
[4.044s] colcon.colcon_core.package_identification Level 1 _identify(karate_robot_sim) by extension 'ignore_ament_install'
[4.044s] colcon.colcon_core.package_identification Level 1 _identify(karate_robot_sim) by extensions ['colcon_pkg']
[4.044s] colcon.colcon_core.package_identification Level 1 _identify(karate_robot_sim) by extension 'colcon_pkg'
[4.044s] colcon.colcon_core.package_identification Level 1 _identify(karate_robot_sim) by extensions ['colcon_meta']
[4.044s] colcon.colcon_core.package_identification Level 1 _identify(karate_robot_sim) by extension 'colcon_meta'
[4.044s] colcon.colcon_core.package_identification Level 1 _identify(karate_robot_sim) by extensions ['ros']
[4.044s] colcon.colcon_core.package_identification Level 1 _identify(karate_robot_sim) by extension 'ros'
[4.047s] colcon.colcon_core.package_identification DEBUG Package 'karate_robot_sim' with type 'ros.ament_python' and name 'karate_robot_sim'
[4.047s] colcon.colcon_core.package_identification Level 1 _identify(log) by extensions ['ignore', 'ignore_ament_install']
[4.047s] colcon.colcon_core.package_identification Level 1 _identify(log) by extension 'ignore'
[4.047s] colcon.colcon_core.package_identification Level 1 _identify(log) ignored
[4.047s] colcon.colcon_core.package_discovery Level 1 discover_packages(recursive) using defaults
[4.047s] colcon.colcon_core.package_discovery Level 1 discover_packages(ignore) discover
[4.047s] colcon.colcon_core.package_discovery Level 1 discover_packages(ignore) using defaults
[4.047s] colcon.colcon_core.package_discovery Level 1 discover_packages(path) discover
[4.047s] colcon.colcon_core.package_discovery Level 1 discover_packages(path) using defaults
[4.168s] colcon.colcon_core.verb Level 5 set package 'karate_robot_bridge' build argument 'cmake_args' from command line to 'None'
[4.168s] colcon.colcon_core.verb Level 5 set package 'karate_robot_bridge' build argument 'cmake_target' from command line to 'None'
[4.168s] colcon.colcon_core.verb Level 5 set package 'karate_robot_bridge' build argument 'cmake_target_skip_unavailable' from command line to 'False'
[4.168s] colcon.colcon_core.verb Level 5 set package 'karate_robot_bridge' build argument 'cmake_clean_cache' from command line to 'False'
[4.168s] colcon.colcon_core.verb Level 5 set package 'karate_robot_bridge' build argument 'cmake_clean_first' from command line to 'False'
[4.168s] colcon.colcon_core.verb Level 5 set package 'karate_robot_bridge' build argument 'cmake_force_configure' from command line to 'False'
[4.168s] colcon.colcon_core.verb Level 5 set package 'karate_robot_bridge' build argument 'ament_cmake_args' from command line to 'None'
[4.168s] colcon.colcon_core.verb Level 5 set package 'karate_robot_bridge' build argument 'catkin_cmake_args' from command line to 'None'
[4.168s] colcon.colcon_core.verb Level 5 set package 'karate_robot_bridge' build argument 'catkin_skip_building_tests' from command line to 'False'
[4.168s] colcon.colcon_core.verb DEBUG Building package 'karate_robot_bridge' with the following arguments: {'ament_cmake_args': None, 'build_base': '/Users/jeffboggs/karate_robot/simulation/ros2/build/karate_robot_bridge', 'catkin_cmake_args': None, 'catkin_skip_building_tests': False, 'cmake_args': None, 'cmake_clean_cache': False, 'cmake_clean_first': False, 'cmake_force_configure': False, 'cmake_target': None, 'cmake_target_skip_unavailable': False, 'install_base': '/Users/jeffboggs/karate_robot/simulation/ros2/install/karate_robot_bridge', 'merge_install': False, 'path': '/Users/jeffboggs/karate_robot/simulation/ros2/karate_robot_bridge', 'symlink_install': False, 'test_result_base': None}
[4.168s] colcon.colcon_core.verb Level 5 set package 'karate_robot_sim' build argument 'cmake_args' from command line to 'None'
[4.168s] colcon.colcon_core.verb Level 5 set package 'karate_robot_sim' build argument 'cmake_target' from command line to 'None'
[4.168s] colcon.colcon_core.verb Level 5 set package 'karate_robot_sim' build argument 'cmake_target_skip_unavailable' from command line to 'False'
[4.168s] colcon.colcon_core.verb Level 5 set package 'karate_robot_sim' build argument 'cmake_clean_cache' from command line to 'False'
[4.168s] colcon.colcon_core.verb Level 5 set package 'karate_robot_sim' build argument 'cmake_clean_first' from command line to 'False'
[4.168s] colcon.colcon_core.verb Level 5 set package 'karate_robot_sim' build argument 'cmake_force_configure' from command line to 'False'
[4.168s] colcon.colcon_core.verb Level 5 set package 'karate_robot_sim' build argument 'ament_cmake_args' from command line to 'None'
[4.169s] colcon.colcon_core.verb Level 5 set package 'karate_robot_sim' build argument 'catkin_cmake_args' from command line to 'None'
[4.169s] colcon.colcon_core.verb Level 5 set package 'karate_robot_sim' build argument 'catkin_skip_building_tests' from command line to 'False'
[4.169s] colcon.colcon_core.verb DEBUG Building package 'karate_robot_sim' with the following arguments: {'ament_cmake_args': None, 'build_base': '/Users/jeffboggs/karate_robot/simulation/ros2/build/karate_robot_sim', 'catkin_cmake_args': None, 'catkin_skip_building_tests': False, 'cmake_args': None, 'cmake_clean_cache': False, 'cmake_clean_first': False, 'cmake_force_configure': False, 'cmake_target': None, 'cmake_target_skip_unavailable': False, 'install_base': '/Users/jeffboggs/karate_robot/simulation/ros2/install/karate_robot_sim', 'merge_install': False, 'path': '/Users/jeffboggs/karate_robot/simulation/ros2/karate_robot_sim', 'symlink_install': False, 'test_result_base': None}
[4.169s] colcon.colcon_core.executor INFO Executing jobs using 'parallel' executor
[4.169s] colcon.colcon_parallel_executor.executor.parallel DEBUG run_until_complete
[4.170s] colcon.colcon_ros.task.ament_python.build INFO Building ROS package in '/Users/jeffboggs/karate_robot/simulation/ros2/karate_robot_bridge' with build type 'ament_python'
[4.170s] colcon.colcon_core.shell Level 1 create_environment_hook('karate_robot_bridge', 'ament_prefix_path')
[4.189s] colcon.colcon_core.plugin_system INFO Skipping extension 'colcon_core.shell.bat': Not used on non-Windows systems
[4.189s] colcon.colcon_core.shell INFO Creating environment hook '/Users/jeffboggs/karate_robot/simulation/ros2/install/karate_robot_bridge/share/karate_robot_bridge/hook/ament_prefix_path.ps1'
[4.196s] colcon.colcon_core.shell INFO Creating environment descriptor '/Users/jeffboggs/karate_robot/simulation/ros2/install/karate_robot_bridge/share/karate_robot_bridge/hook/ament_prefix_path.dsv'
[4.197s] colcon.colcon_core.shell INFO Creating environment hook '/Users/jeffboggs/karate_robot/simulation/ros2/install/karate_robot_bridge/share/karate_robot_bridge/hook/ament_prefix_path.sh'
[4.201s] colcon.colcon_core.shell INFO Skip shell extension 'powershell' for command environment: Not usable outside of PowerShell
[4.201s] colcon.colcon_core.shell DEBUG Skip shell extension 'dsv' for command environment
[4.224s] colcon.colcon_ros.task.ament_python.build INFO Building ROS package in '/Users/jeffboggs/karate_robot/simulation/ros2/karate_robot_sim' with build type 'ament_python'
[4.225s] colcon.colcon_core.shell Level 1 create_environment_hook('karate_robot_sim', 'ament_prefix_path')
[4.225s] colcon.colcon_core.shell INFO Creating environment hook '/Users/jeffboggs/karate_robot/simulation/ros2/install/karate_robot_sim/share/karate_robot_sim/hook/ament_prefix_path.ps1'
[4.227s] colcon.colcon_core.shell INFO Creating environment descriptor '/Users/jeffboggs/karate_robot/simulation/ros2/install/karate_robot_sim/share/karate_robot_sim/hook/ament_prefix_path.dsv'
[4.230s] colcon.colcon_core.shell INFO Creating environment hook '/Users/jeffboggs/karate_robot/simulation/ros2/install/karate_robot_sim/share/karate_robot_sim/hook/ament_prefix_path.sh'
[4.231s] colcon.colcon_core.shell INFO Skip shell extension 'powershell' for command environment: Not usable outside of PowerShell
[4.231s] colcon.colcon_core.shell DEBUG Skip shell extension 'dsv' for command environment
[5.024s] colcon.colcon_core.task.python.build INFO Building Python package in '/Users/jeffboggs/karate_robot/simulation/ros2/karate_robot_bridge'
[5.024s] colcon.colcon_core.shell INFO Skip shell extension 'powershell' for command environment: Not usable outside of PowerShell
[5.025s] colcon.colcon_core.shell DEBUG Skip shell extension 'dsv' for command environment
[5.216s] colcon.colcon_core.task.python.build INFO Building Python package in '/Users/jeffboggs/karate_robot/simulation/ros2/karate_robot_sim'
[5.217s] colcon.colcon_core.shell INFO Skip shell extension 'powershell' for command environment: Not usable outside of PowerShell
[5.217s] colcon.colcon_core.shell DEBUG Skip shell extension 'dsv' for command environment
[5.702s] colcon.colcon_core.event_handler.log_command DEBUG Invoking command in '/Users/jeffboggs/karate_robot/simulation/ros2/karate_robot_sim': CONDA_PROMPT_MODIFIER=(ros2) PYTHONPATH=/Users/jeffboggs/karate_robot/simulation/ros2/build/karate_robot_sim/prefix_override:/Library/Frameworks/Python.framework/Versions/3.12/lib/python3.12/site-packages/colcon_core/task/python/colcon_distutils_commands:/Users/jeffboggs/karate_robot/simulation/ros2/install/karate_robot_sim/lib/python3.12/site-packages:${PYTHONPATH} SHLVL=3 _=/usr/bin/env /Library/Frameworks/Python.framework/Versions/3.12/bin/python3 -W ignore:setup.py install is deprecated -W ignore:easy_install command is deprecated setup.py egg_info --egg-base ../build/karate_robot_sim build --build-base /Users/jeffboggs/karate_robot/simulation/ros2/build/karate_robot_sim/build install --record /Users/jeffboggs/karate_robot/simulation/ros2/build/karate_robot_sim/install.log --single-version-externally-managed install_data
[5.705s] colcon.colcon_core.event_handler.log_command DEBUG Invoking command in '/Users/jeffboggs/karate_robot/simulation/ros2/karate_robot_bridge': CONDA_PROMPT_MODIFIER=(ros2) PYTHONPATH=/Users/jeffboggs/karate_robot/simulation/ros2/build/karate_robot_bridge/prefix_override:/Library/Frameworks/Python.framework/Versions/3.12/lib/python3.12/site-packages/colcon_core/task/python/colcon_distutils_commands:/Users/jeffboggs/karate_robot/simulation/ros2/install/karate_robot_bridge/lib/python3.12/site-packages:${PYTHONPATH} SHLVL=3 _=/usr/bin/env /Library/Frameworks/Python.framework/Versions/3.12/bin/python3 -W ignore:setup.py install is deprecated -W ignore:easy_install command is deprecated setup.py egg_info --egg-base ../build/karate_robot_bridge build --build-base /Users/jeffboggs/karate_robot/simulation/ros2/build/karate_robot_bridge/build install --record /Users/jeffboggs/karate_robot/simulation/ros2/build/karate_robot_bridge/install.log --single-version-externally-managed install_data
[6.313s] colcon.colcon_core.event_handler.log_command DEBUG Invoked command in '/Users/jeffboggs/karate_robot/simulation/ros2/karate_robot_sim' returned '0': CONDA_PROMPT_MODIFIER=(ros2) PYTHONPATH=/Users/jeffboggs/karate_robot/simulation/ros2/build/karate_robot_sim/prefix_override:/Library/Frameworks/Python.framework/Versions/3.12/lib/python3.12/site-packages/colcon_core/task/python/colcon_distutils_commands:/Users/jeffboggs/karate_robot/simulation/ros2/install/karate_robot_sim/lib/python3.12/site-packages:${PYTHONPATH} SHLVL=3 _=/usr/bin/env /Library/Frameworks/Python.framework/Versions/3.12/bin/python3 -W ignore:setup.py install is deprecated -W ignore:easy_install command is deprecated setup.py egg_info --egg-base ../build/karate_robot_sim build --build-base /Users/jeffboggs/karate_robot/simulation/ros2/build/karate_robot_sim/build install --record /Users/jeffboggs/karate_robot/simulation/ros2/build/karate_robot_sim/install.log --single-version-externally-managed install_data
[6.317s] colcon.colcon_core.environment Level 1 checking '/Users/jeffboggs/karate_robot/simulation/ros2/install/karate_robot_sim' for CMake module files
[6.318s] colcon.colcon_core.environment Level 1 checking '/Users/jeffboggs/karate_robot/simulation/ros2/install/karate_robot_sim' for CMake config files
[6.319s] colcon.colcon_core.environment Level 1 checking '/Users/jeffboggs/karate_robot/simulation/ros2/install/karate_robot_sim/lib'
[6.319s] colcon.colcon_core.environment Level 1 checking '/Users/jeffboggs/karate_robot/simulation/ros2/install/karate_robot_sim/bin'
[6.319s] colcon.colcon_core.environment Level 1 checking '/Users/jeffboggs/karate_robot/simulation/ros2/install/karate_robot_sim/lib/pkgconfig/karate_robot_sim.pc'
[6.319s] colcon.colcon_core.environment Level 1 checking '/Users/jeffboggs/karate_robot/simulation/ros2/install/karate_robot_sim/lib/python3.12/site-packages'
[6.319s] colcon.colcon_core.shell Level 1 create_environment_hook('karate_robot_sim', 'pythonpath')
[6.320s] colcon.colcon_core.shell INFO Creating environment hook '/Users/jeffboggs/karate_robot/simulation/ros2/install/karate_robot_sim/share/karate_robot_sim/hook/pythonpath.ps1'
[6.320s] colcon.colcon_core.shell INFO Creating environment descriptor '/Users/jeffboggs/karate_robot/simulation/ros2/install/karate_robot_sim/share/karate_robot_sim/hook/pythonpath.dsv'
[6.321s] colcon.colcon_core.shell INFO Creating environment hook '/Users/jeffboggs/karate_robot/simulation/ros2/install/karate_robot_sim/share/karate_robot_sim/hook/pythonpath.sh'
[6.322s] colcon.colcon_core.environment Level 1 checking '/Users/jeffboggs/karate_robot/simulation/ros2/install/karate_robot_sim/bin'
[6.322s] colcon.colcon_core.environment Level 1 create_environment_scripts_only(karate_robot_sim)
[6.322s] colcon.colcon_core.shell INFO Creating package script '/Users/jeffboggs/karate_robot/simulation/ros2/install/karate_robot_sim/share/karate_robot_sim/package.ps1'
[6.323s] colcon.colcon_core.shell INFO Creating package descriptor '/Users/jeffboggs/karate_robot/simulation/ros2/install/karate_robot_sim/share/karate_robot_sim/package.dsv'
[6.324s] colcon.colcon_core.shell INFO Creating package script '/Users/jeffboggs/karate_robot/simulation/ros2/install/karate_robot_sim/share/karate_robot_sim/package.sh'
[6.324s] colcon.colcon_core.shell INFO Creating package script '/Users/jeffboggs/karate_robot/simulation/ros2/install/karate_robot_sim/share/karate_robot_sim/package.bash'
[6.325s] colcon.colcon_core.shell INFO Creating package script '/Users/jeffboggs/karate_robot/simulation/ros2/install/karate_robot_sim/share/karate_robot_sim/package.zsh'
[6.325s] colcon.colcon_core.environment Level 1 create_file_with_runtime_dependencies(/Users/jeffboggs/karate_robot/simulation/ros2/install/karate_robot_sim/share/colcon-core/packages/karate_robot_sim)
[6.326s] colcon.colcon_core.environment Level 1 checking '/Users/jeffboggs/karate_robot/simulation/ros2/install/karate_robot_bridge' for CMake module files
[6.327s] colcon.colcon_core.event_handler.log_command DEBUG Invoked command in '/Users/jeffboggs/karate_robot/simulation/ros2/karate_robot_bridge' returned '0': CONDA_PROMPT_MODIFIER=(ros2) PYTHONPATH=/Users/jeffboggs/karate_robot/simulation/ros2/build/karate_robot_bridge/prefix_override:/Library/Frameworks/Python.framework/Versions/3.12/lib/python3.12/site-packages/colcon_core/task/python/colcon_distutils_commands:/Users/jeffboggs/karate_robot/simulation/ros2/install/karate_robot_bridge/lib/python3.12/site-packages:${PYTHONPATH} SHLVL=3 _=/usr/bin/env /Library/Frameworks/Python.framework/Versions/3.12/bin/python3 -W ignore:setup.py install is deprecated -W ignore:easy_install command is deprecated setup.py egg_info --egg-base ../build/karate_robot_bridge build --build-base /Users/jeffboggs/karate_robot/simulation/ros2/build/karate_robot_bridge/build install --record /Users/jeffboggs/karate_robot/simulation/ros2/build/karate_robot_bridge/install.log --single-version-externally-managed install_data
[6.328s] colcon.colcon_core.environment Level 1 checking '/Users/jeffboggs/karate_robot/simulation/ros2/install/karate_robot_bridge' for CMake config files
[6.329s] colcon.colcon_core.environment Level 1 checking '/Users/jeffboggs/karate_robot/simulation/ros2/install/karate_robot_bridge/lib'
[6.329s] colcon.colcon_core.environment Level 1 checking '/Users/jeffboggs/karate_robot/simulation/ros2/install/karate_robot_bridge/bin'
[6.329s] colcon.colcon_core.environment Level 1 checking '/Users/jeffboggs/karate_robot/simulation/ros2/install/karate_robot_bridge/lib/pkgconfig/karate_robot_bridge.pc'
[6.329s] colcon.colcon_core.environment Level 1 checking '/Users/jeffboggs/karate_robot/simulation/ros2/install/karate_robot_bridge/lib/python3.12/site-packages'
[6.329s] colcon.colcon_core.shell Level 1 create_environment_hook('karate_robot_bridge', 'pythonpath')
[6.329s] colcon.colcon_core.shell INFO Creating environment hook '/Users/jeffboggs/karate_robot/simulation/ros2/install/karate_robot_bridge/share/karate_robot_bridge/hook/pythonpath.ps1'
[6.330s] colcon.colcon_core.shell INFO Creating environment descriptor '/Users/jeffboggs/karate_robot/simulation/ros2/install/karate_robot_bridge/share/karate_robot_bridge/hook/pythonpath.dsv'
[6.330s] colcon.colcon_core.shell INFO Creating environment hook '/Users/jeffboggs/karate_robot/simulation/ros2/install/karate_robot_bridge/share/karate_robot_bridge/hook/pythonpath.sh'
[6.330s] colcon.colcon_core.environment Level 1 checking '/Users/jeffboggs/karate_robot/simulation/ros2/install/karate_robot_bridge/bin'
[6.330s] colcon.colcon_core.environment Level 1 create_environment_scripts_only(karate_robot_bridge)
[6.330s] colcon.colcon_core.shell INFO Creating package script '/Users/jeffboggs/karate_robot/simulation/ros2/install/karate_robot_bridge/share/karate_robot_bridge/package.ps1'
[6.331s] colcon.colcon_core.shell INFO Creating package descriptor '/Users/jeffboggs/karate_robot/simulation/ros2/install/karate_robot_bridge/share/karate_robot_bridge/package.dsv'
[6.331s] colcon.colcon_core.shell INFO Creating package script '/Users/jeffboggs/karate_robot/simulation/ros2/install/karate_robot_bridge/share/karate_robot_bridge/package.sh'
[6.331s] colcon.colcon_core.shell INFO Creating package script '/Users/jeffboggs/karate_robot/simulation/ros2/install/karate_robot_bridge/share/karate_robot_bridge/package.bash'
[6.332s] colcon.colcon_core.shell INFO Creating package script '/Users/jeffboggs/karate_robot/simulation/ros2/install/karate_robot_bridge/share/karate_robot_bridge/package.zsh'
[6.332s] colcon.colcon_core.environment Level 1 create_file_with_runtime_dependencies(/Users/jeffboggs/karate_robot/simulation/ros2/install/karate_robot_bridge/share/colcon-core/packages/karate_robot_bridge)
[6.333s] colcon.colcon_parallel_executor.executor.parallel DEBUG closing loop
[6.333s] colcon.colcon_parallel_executor.executor.parallel DEBUG loop closed
[6.333s] colcon.colcon_parallel_executor.executor.parallel DEBUG run_until_complete finished with '0'
[6.333s] colcon.colcon_core.event_reactor DEBUG joining thread
[6.336s] colcon.colcon_core.plugin_system INFO Skipping extension 'colcon_notification.desktop_notification.notify2': 'notify2' not found
[6.336s] colcon.colcon_core.plugin_system INFO Skipping extension 'colcon_notification.desktop_notification.notify_send': Not used on non-Linux systems
[6.336s] colcon.colcon_core.plugin_system INFO Skipping extension 'colcon_notification.desktop_notification.win32': Not used on non-Windows systems
[6.336s] colcon.colcon_notification.desktop_notification INFO Sending desktop notification using 'terminal_notifier'
[6.456s] colcon.colcon_core.event_reactor DEBUG joined thread
[6.457s] colcon.colcon_core.shell INFO Creating prefix script '/Users/jeffboggs/karate_robot/simulation/ros2/install/local_setup.ps1'
[6.460s] colcon.colcon_core.shell INFO Creating prefix util module '/Users/jeffboggs/karate_robot/simulation/ros2/install/_local_setup_util_ps1.py'
[6.462s] colcon.colcon_core.shell INFO Creating prefix chain script '/Users/jeffboggs/karate_robot/simulation/ros2/install/setup.ps1'
[6.465s] colcon.colcon_core.shell INFO Creating prefix script '/Users/jeffboggs/karate_robot/simulation/ros2/install/local_setup.sh'
[6.467s] colcon.colcon_core.shell INFO Creating prefix util module '/Users/jeffboggs/karate_robot/simulation/ros2/install/_local_setup_util_sh.py'
[6.467s] colcon.colcon_core.shell INFO Creating prefix chain script '/Users/jeffboggs/karate_robot/simulation/ros2/install/setup.sh'
[6.469s] colcon.colcon_core.shell INFO Creating prefix script '/Users/jeffboggs/karate_robot/simulation/ros2/install/local_setup.bash'
[6.471s] colcon.colcon_core.shell INFO Creating prefix chain script '/Users/jeffboggs/karate_robot/simulation/ros2/install/setup.bash'
[6.472s] colcon.colcon_core.shell INFO Creating prefix script '/Users/jeffboggs/karate_robot/simulation/ros2/install/local_setup.zsh'
[6.473s] colcon.colcon_core.shell INFO Creating prefix chain script '/Users/jeffboggs/karate_robot/simulation/ros2/install/setup.zsh'
