running egg_info
creating ../build/karate_robot_bridge/karate_robot_bridge.egg-info
writing ../build/karate_robot_bridge/karate_robot_bridge.egg-info/PKG-INFO
writing dependency_links to ../build/karate_robot_bridge/karate_robot_bridge.egg-info/dependency_links.txt
writing entry points to ../build/karate_robot_bridge/karate_robot_bridge.egg-info/entry_points.txt
writing requirements to ../build/karate_robot_bridge/karate_robot_bridge.egg-info/requires.txt
writing top-level names to ../build/karate_robot_bridge/karate_robot_bridge.egg-info/top_level.txt
writing manifest file '../build/karate_robot_bridge/karate_robot_bridge.egg-info/SOURCES.txt'
reading manifest file '../build/karate_robot_bridge/karate_robot_bridge.egg-info/SOURCES.txt'
writing manifest file '../build/karate_robot_bridge/karate_robot_bridge.egg-info/SOURCES.txt'
running build
running build_py
creating /Users/jeffboggs/karate_robot/simulation/ros2/build/karate_robot_bridge/build/lib/karate_robot_bridge
copying karate_robot_bridge/register_bridge.py -> /Users/jeffboggs/karate_robot/simulation/ros2/build/karate_robot_bridge/build/lib/karate_robot_bridge
copying karate_robot_bridge/__init__.py -> /Users/jeffboggs/karate_robot/simulation/ros2/build/karate_robot_bridge/build/lib/karate_robot_bridge
copying karate_robot_bridge/test_pose_publisher.py -> /Users/jeffboggs/karate_robot/simulation/ros2/build/karate_robot_bridge/build/lib/karate_robot_bridge
running install
running install_lib
creating /Users/jeffboggs/karate_robot/simulation/ros2/install/karate_robot_bridge/lib/python3.12/site-packages/karate_robot_bridge
copying /Users/jeffboggs/karate_robot/simulation/ros2/build/karate_robot_bridge/build/lib/karate_robot_bridge/register_bridge.py -> /Users/jeffboggs/karate_robot/simulation/ros2/install/karate_robot_bridge/lib/python3.12/site-packages/karate_robot_bridge
copying /Users/jeffboggs/karate_robot/simulation/ros2/build/karate_robot_bridge/build/lib/karate_robot_bridge/__init__.py -> /Users/jeffboggs/karate_robot/simulation/ros2/install/karate_robot_bridge/lib/python3.12/site-packages/karate_robot_bridge
copying /Users/jeffboggs/karate_robot/simulation/ros2/build/karate_robot_bridge/build/lib/karate_robot_bridge/test_pose_publisher.py -> /Users/jeffboggs/karate_robot/simulation/ros2/install/karate_robot_bridge/lib/python3.12/site-packages/karate_robot_bridge
byte-compiling /Users/jeffboggs/karate_robot/simulation/ros2/install/karate_robot_bridge/lib/python3.12/site-packages/karate_robot_bridge/register_bridge.py to register_bridge.cpython-312.pyc
byte-compiling /Users/jeffboggs/karate_robot/simulation/ros2/install/karate_robot_bridge/lib/python3.12/site-packages/karate_robot_bridge/__init__.py to __init__.cpython-312.pyc
byte-compiling /Users/jeffboggs/karate_robot/simulation/ros2/install/karate_robot_bridge/lib/python3.12/site-packages/karate_robot_bridge/test_pose_publisher.py to test_pose_publisher.cpython-312.pyc
running install_data
creating /Users/jeffboggs/karate_robot/simulation/ros2/install/karate_robot_bridge/share/ament_index/resource_index/packages
copying resource/karate_robot_bridge -> /Users/jeffboggs/karate_robot/simulation/ros2/install/karate_robot_bridge/share/ament_index/resource_index/packages
copying package.xml -> /Users/jeffboggs/karate_robot/simulation/ros2/install/karate_robot_bridge/share/karate_robot_bridge
running install_egg_info
Copying ../build/karate_robot_bridge/karate_robot_bridge.egg-info to /Users/jeffboggs/karate_robot/simulation/ros2/install/karate_robot_bridge/lib/python3.12/site-packages/karate_robot_bridge-0.1.0-py3.12.egg-info
running install_scripts
Installing register_bridge script to /Users/jeffboggs/karate_robot/simulation/ros2/install/karate_robot_bridge/lib/karate_robot_bridge
Installing test_pose_publisher script to /Users/jeffboggs/karate_robot/simulation/ros2/install/karate_robot_bridge/lib/karate_robot_bridge
writing list of installed files to '/Users/jeffboggs/karate_robot/simulation/ros2/build/karate_robot_bridge/install.log'
