[0.591s] Invoking command in '/Users/jeffboggs/karate_robot/simulation/ros2/karate_robot_bridge': PYTHONPATH=/Users/jeffboggs/karate_robot/simulation/ros2/build/karate_robot_bridge/prefix_override:/Library/Frameworks/Python.framework/Versions/3.12/lib/python3.12/site-packages/colcon_core/task/python/colcon_distutils_commands:/Users/jeffboggs/karate_robot/simulation/ros2/install/karate_robot_bridge/lib/python3.12/site-packages: SHLVL=2 _=/usr/bin/env /Library/Frameworks/Python.framework/Versions/3.12/bin/python3 -W ignore:setup.py install is deprecated -W ignore:easy_install command is deprecated setup.py egg_info --egg-base ../build/karate_robot_bridge build --build-base /Users/jeffboggs/karate_robot/simulation/ros2/build/karate_robot_bridge/build install --record /Users/jeffboggs/karate_robot/simulation/ros2/build/karate_robot_bridge/install.log --single-version-externally-managed install_data
[0.691s] /Library/Frameworks/Python.framework/Versions/3.12/lib/python3.12/site-packages/setuptools/_distutils/dist.py:289: UserWarning: Unknown distribution option: 'tests_require'
[0.691s]   warnings.warn(msg)
[0.749s] running egg_info
[0.759s] creating ../build/karate_robot_bridge/karate_robot_bridge.egg-info
[0.759s] writing ../build/karate_robot_bridge/karate_robot_bridge.egg-info/PKG-INFO
[0.760s] writing dependency_links to ../build/karate_robot_bridge/karate_robot_bridge.egg-info/dependency_links.txt
[0.760s] writing entry points to ../build/karate_robot_bridge/karate_robot_bridge.egg-info/entry_points.txt
[0.760s] writing requirements to ../build/karate_robot_bridge/karate_robot_bridge.egg-info/requires.txt
[0.760s] writing top-level names to ../build/karate_robot_bridge/karate_robot_bridge.egg-info/top_level.txt
[0.761s] writing manifest file '../build/karate_robot_bridge/karate_robot_bridge.egg-info/SOURCES.txt'
[0.780s] reading manifest file '../build/karate_robot_bridge/karate_robot_bridge.egg-info/SOURCES.txt'
[0.781s] writing manifest file '../build/karate_robot_bridge/karate_robot_bridge.egg-info/SOURCES.txt'
[0.781s] running build
[0.781s] running build_py
[0.781s] creating /Users/jeffboggs/karate_robot/simulation/ros2/build/karate_robot_bridge/build/lib/karate_robot_bridge
[0.781s] copying karate_robot_bridge/register_bridge.py -> /Users/jeffboggs/karate_robot/simulation/ros2/build/karate_robot_bridge/build/lib/karate_robot_bridge
[0.782s] copying karate_robot_bridge/__init__.py -> /Users/jeffboggs/karate_robot/simulation/ros2/build/karate_robot_bridge/build/lib/karate_robot_bridge
[0.782s] copying karate_robot_bridge/test_pose_publisher.py -> /Users/jeffboggs/karate_robot/simulation/ros2/build/karate_robot_bridge/build/lib/karate_robot_bridge
[0.783s] running install
[0.786s] running install_lib
[0.795s] creating /Users/jeffboggs/karate_robot/simulation/ros2/install/karate_robot_bridge/lib/python3.12/site-packages/karate_robot_bridge
[0.795s] copying /Users/jeffboggs/karate_robot/simulation/ros2/build/karate_robot_bridge/build/lib/karate_robot_bridge/register_bridge.py -> /Users/jeffboggs/karate_robot/simulation/ros2/install/karate_robot_bridge/lib/python3.12/site-packages/karate_robot_bridge
[0.795s] copying /Users/jeffboggs/karate_robot/simulation/ros2/build/karate_robot_bridge/build/lib/karate_robot_bridge/__init__.py -> /Users/jeffboggs/karate_robot/simulation/ros2/install/karate_robot_bridge/lib/python3.12/site-packages/karate_robot_bridge
[0.796s] copying /Users/jeffboggs/karate_robot/simulation/ros2/build/karate_robot_bridge/build/lib/karate_robot_bridge/test_pose_publisher.py -> /Users/jeffboggs/karate_robot/simulation/ros2/install/karate_robot_bridge/lib/python3.12/site-packages/karate_robot_bridge
[0.796s] byte-compiling /Users/jeffboggs/karate_robot/simulation/ros2/install/karate_robot_bridge/lib/python3.12/site-packages/karate_robot_bridge/register_bridge.py to register_bridge.cpython-312.pyc
[0.797s] byte-compiling /Users/jeffboggs/karate_robot/simulation/ros2/install/karate_robot_bridge/lib/python3.12/site-packages/karate_robot_bridge/__init__.py to __init__.cpython-312.pyc
[0.797s] byte-compiling /Users/jeffboggs/karate_robot/simulation/ros2/install/karate_robot_bridge/lib/python3.12/site-packages/karate_robot_bridge/test_pose_publisher.py to test_pose_publisher.cpython-312.pyc
[0.798s] running install_data
[0.798s] creating /Users/jeffboggs/karate_robot/simulation/ros2/install/karate_robot_bridge/share/ament_index/resource_index/packages
[0.798s] copying resource/karate_robot_bridge -> /Users/jeffboggs/karate_robot/simulation/ros2/install/karate_robot_bridge/share/ament_index/resource_index/packages
[0.799s] copying package.xml -> /Users/jeffboggs/karate_robot/simulation/ros2/install/karate_robot_bridge/share/karate_robot_bridge
[0.799s] running install_egg_info
[0.809s] Copying ../build/karate_robot_bridge/karate_robot_bridge.egg-info to /Users/jeffboggs/karate_robot/simulation/ros2/install/karate_robot_bridge/lib/python3.12/site-packages/karate_robot_bridge-0.1.0-py3.12.egg-info
[0.811s] running install_scripts
[0.877s] Installing register_bridge script to /Users/jeffboggs/karate_robot/simulation/ros2/install/karate_robot_bridge/lib/karate_robot_bridge
[0.877s] Installing test_pose_publisher script to /Users/jeffboggs/karate_robot/simulation/ros2/install/karate_robot_bridge/lib/karate_robot_bridge
[0.878s] writing list of installed files to '/Users/jeffboggs/karate_robot/simulation/ros2/build/karate_robot_bridge/install.log'
[0.906s] Invoked command in '/Users/jeffboggs/karate_robot/simulation/ros2/karate_robot_bridge' returned '0': PYTHONPATH=/Users/jeffboggs/karate_robot/simulation/ros2/build/karate_robot_bridge/prefix_override:/Library/Frameworks/Python.framework/Versions/3.12/lib/python3.12/site-packages/colcon_core/task/python/colcon_distutils_commands:/Users/jeffboggs/karate_robot/simulation/ros2/install/karate_robot_bridge/lib/python3.12/site-packages: SHLVL=2 _=/usr/bin/env /Library/Frameworks/Python.framework/Versions/3.12/bin/python3 -W ignore:setup.py install is deprecated -W ignore:easy_install command is deprecated setup.py egg_info --egg-base ../build/karate_robot_bridge build --build-base /Users/jeffboggs/karate_robot/simulation/ros2/build/karate_robot_bridge/build install --record /Users/jeffboggs/karate_robot/simulation/ros2/build/karate_robot_bridge/install.log --single-version-externally-managed install_data
