[0.203s] colcon DEBUG Command line arguments: ['/Library/Frameworks/Python.framework/Versions/3.12/bin/colcon', 'build']
[0.203s] colcon DEBUG Parsed command line arguments: Namespace(log_base=None, log_level=None, verb_name='build', build_base='build', install_base='install', merge_install=False, symlink_install=False, test_result_base=None, continue_on_error=False, executor='parallel', parallel_workers=8, event_handlers=None, ignore_user_meta=False, metas=['./colcon.meta'], base_paths=['.'], packages_ignore=None, packages_ignore_regex=None, paths=None, packages_up_to=None, packages_up_to_regex=None, packages_above=None, packages_above_and_dependencies=None, packages_above_depth=None, packages_select_by_dep=None, packages_skip_by_dep=None, packages_skip_up_to=None, packages_select_build_failed=False, packages_skip_build_finished=False, packages_select_test_failures=False, packages_skip_test_passed=False, packages_select=None, packages_skip=None, packages_select_regex=None, packages_skip_regex=None, packages_start=None, packages_end=None, cmake_args=None, cmake_target=None, cmake_target_skip_unavailable=False, cmake_clean_cache=False, cmake_clean_first=False, cmake_force_configure=False, ament_cmake_args=None, catkin_cmake_args=None, catkin_skip_building_tests=False, verb_parser=<colcon_defaults.argument_parser.defaults.DefaultArgumentsDecorator object at 0x107cabb30>, verb_extension=<colcon_core.verb.build.BuildVerb object at 0x10795bf50>, main=<bound method BuildVerb.main of <colcon_core.verb.build.BuildVerb object at 0x10795bf50>>)
[0.231s] colcon.colcon_core.package_discovery Level 1 discover_packages(colcon_meta) check parameters
[0.231s] colcon.colcon_core.package_discovery Level 1 discover_packages(recursive) check parameters
[0.231s] colcon.colcon_core.package_discovery Level 1 discover_packages(ignore) check parameters
[0.231s] colcon.colcon_core.package_discovery Level 1 discover_packages(path) check parameters
[0.231s] colcon.colcon_core.package_discovery Level 1 discover_packages(colcon_meta) discover
[0.231s] colcon.colcon_core.package_discovery Level 1 discover_packages(recursive) discover
[0.231s] colcon.colcon_core.package_discovery INFO Crawling recursively for packages in '/Users/jeffboggs/karate_robot/simulation/ros2'
[0.231s] colcon.colcon_core.package_identification Level 1 _identify(.) by extensions ['ignore', 'ignore_ament_install']
[0.231s] colcon.colcon_core.package_identification Level 1 _identify(.) by extension 'ignore'
[0.231s] colcon.colcon_core.package_identification Level 1 _identify(.) by extension 'ignore_ament_install'
[0.231s] colcon.colcon_core.package_identification Level 1 _identify(.) by extensions ['colcon_pkg']
[0.231s] colcon.colcon_core.package_identification Level 1 _identify(.) by extension 'colcon_pkg'
[0.231s] colcon.colcon_core.package_identification Level 1 _identify(.) by extensions ['colcon_meta']
[0.231s] colcon.colcon_core.package_identification Level 1 _identify(.) by extension 'colcon_meta'
[0.231s] colcon.colcon_core.package_identification Level 1 _identify(.) by extensions ['ros']
[0.231s] colcon.colcon_core.package_identification Level 1 _identify(.) by extension 'ros'
[0.249s] colcon.colcon_core.package_identification Level 1 _identify(.) by extensions ['cmake', 'python']
[0.250s] colcon.colcon_core.package_identification Level 1 _identify(.) by extension 'cmake'
[0.250s] colcon.colcon_core.package_identification Level 1 _identify(.) by extension 'python'
[0.250s] colcon.colcon_core.package_identification Level 1 _identify(.) by extensions ['python_setup_py']
[0.250s] colcon.colcon_core.package_identification Level 1 _identify(.) by extension 'python_setup_py'
[0.250s] colcon.colcon_core.package_identification Level 1 _identify(build) by extensions ['ignore', 'ignore_ament_install']
[0.250s] colcon.colcon_core.package_identification Level 1 _identify(build) by extension 'ignore'
[0.250s] colcon.colcon_core.package_identification Level 1 _identify(build) ignored
[0.250s] colcon.colcon_core.package_identification Level 1 _identify(install) by extensions ['ignore', 'ignore_ament_install']
[0.250s] colcon.colcon_core.package_identification Level 1 _identify(install) by extension 'ignore'
[0.250s] colcon.colcon_core.package_identification Level 1 _identify(install) ignored
[0.250s] colcon.colcon_core.package_identification Level 1 _identify(karate_robot_bridge) by extensions ['ignore', 'ignore_ament_install']
[0.250s] colcon.colcon_core.package_identification Level 1 _identify(karate_robot_bridge) by extension 'ignore'
[0.250s] colcon.colcon_core.package_identification Level 1 _identify(karate_robot_bridge) by extension 'ignore_ament_install'
[0.250s] colcon.colcon_core.package_identification Level 1 _identify(karate_robot_bridge) by extensions ['colcon_pkg']
[0.250s] colcon.colcon_core.package_identification Level 1 _identify(karate_robot_bridge) by extension 'colcon_pkg'
[0.250s] colcon.colcon_core.package_identification Level 1 _identify(karate_robot_bridge) by extensions ['colcon_meta']
[0.250s] colcon.colcon_core.package_identification Level 1 _identify(karate_robot_bridge) by extension 'colcon_meta'
[0.250s] colcon.colcon_core.package_identification Level 1 _identify(karate_robot_bridge) by extensions ['ros']
[0.250s] colcon.colcon_core.package_identification Level 1 _identify(karate_robot_bridge) by extension 'ros'
[0.251s] colcon.colcon_core.package_identification DEBUG Package 'karate_robot_bridge' with type 'ros.ament_python' and name 'karate_robot_bridge'
[0.251s] colcon.colcon_core.package_identification Level 1 _identify(karate_robot_sim) by extensions ['ignore', 'ignore_ament_install']
[0.252s] colcon.colcon_core.package_identification Level 1 _identify(karate_robot_sim) by extension 'ignore'
[0.252s] colcon.colcon_core.package_identification Level 1 _identify(karate_robot_sim) by extension 'ignore_ament_install'
[0.252s] colcon.colcon_core.package_identification Level 1 _identify(karate_robot_sim) by extensions ['colcon_pkg']
[0.252s] colcon.colcon_core.package_identification Level 1 _identify(karate_robot_sim) by extension 'colcon_pkg'
[0.252s] colcon.colcon_core.package_identification Level 1 _identify(karate_robot_sim) by extensions ['colcon_meta']
[0.252s] colcon.colcon_core.package_identification Level 1 _identify(karate_robot_sim) by extension 'colcon_meta'
[0.252s] colcon.colcon_core.package_identification Level 1 _identify(karate_robot_sim) by extensions ['ros']
[0.252s] colcon.colcon_core.package_identification Level 1 _identify(karate_robot_sim) by extension 'ros'
[0.252s] colcon.colcon_core.package_identification DEBUG Package 'karate_robot_sim' with type 'ros.ament_python' and name 'karate_robot_sim'
[0.252s] colcon.colcon_core.package_identification Level 1 _identify(log) by extensions ['ignore', 'ignore_ament_install']
[0.252s] colcon.colcon_core.package_identification Level 1 _identify(log) by extension 'ignore'
[0.252s] colcon.colcon_core.package_identification Level 1 _identify(log) ignored
[0.252s] colcon.colcon_core.package_discovery Level 1 discover_packages(recursive) using defaults
[0.252s] colcon.colcon_core.package_discovery Level 1 discover_packages(ignore) discover
[0.252s] colcon.colcon_core.package_discovery Level 1 discover_packages(ignore) using defaults
[0.252s] colcon.colcon_core.package_discovery Level 1 discover_packages(path) discover
[0.252s] colcon.colcon_core.package_discovery Level 1 discover_packages(path) using defaults
[0.263s] colcon.colcon_core.verb Level 5 set package 'karate_robot_bridge' build argument 'cmake_args' from command line to 'None'
[0.263s] colcon.colcon_core.verb Level 5 set package 'karate_robot_bridge' build argument 'cmake_target' from command line to 'None'
[0.263s] colcon.colcon_core.verb Level 5 set package 'karate_robot_bridge' build argument 'cmake_target_skip_unavailable' from command line to 'False'
[0.263s] colcon.colcon_core.verb Level 5 set package 'karate_robot_bridge' build argument 'cmake_clean_cache' from command line to 'False'
[0.263s] colcon.colcon_core.verb Level 5 set package 'karate_robot_bridge' build argument 'cmake_clean_first' from command line to 'False'
[0.263s] colcon.colcon_core.verb Level 5 set package 'karate_robot_bridge' build argument 'cmake_force_configure' from command line to 'False'
[0.263s] colcon.colcon_core.verb Level 5 set package 'karate_robot_bridge' build argument 'ament_cmake_args' from command line to 'None'
[0.263s] colcon.colcon_core.verb Level 5 set package 'karate_robot_bridge' build argument 'catkin_cmake_args' from command line to 'None'
[0.263s] colcon.colcon_core.verb Level 5 set package 'karate_robot_bridge' build argument 'catkin_skip_building_tests' from command line to 'False'
[0.263s] colcon.colcon_core.verb DEBUG Building package 'karate_robot_bridge' with the following arguments: {'ament_cmake_args': None, 'build_base': '/Users/jeffboggs/karate_robot/simulation/ros2/build/karate_robot_bridge', 'catkin_cmake_args': None, 'catkin_skip_building_tests': False, 'cmake_args': None, 'cmake_clean_cache': False, 'cmake_clean_first': False, 'cmake_force_configure': False, 'cmake_target': None, 'cmake_target_skip_unavailable': False, 'install_base': '/Users/jeffboggs/karate_robot/simulation/ros2/install/karate_robot_bridge', 'merge_install': False, 'path': '/Users/jeffboggs/karate_robot/simulation/ros2/karate_robot_bridge', 'symlink_install': False, 'test_result_base': None}
[0.263s] colcon.colcon_core.verb Level 5 set package 'karate_robot_sim' build argument 'cmake_args' from command line to 'None'
[0.263s] colcon.colcon_core.verb Level 5 set package 'karate_robot_sim' build argument 'cmake_target' from command line to 'None'
[0.263s] colcon.colcon_core.verb Level 5 set package 'karate_robot_sim' build argument 'cmake_target_skip_unavailable' from command line to 'False'
[0.263s] colcon.colcon_core.verb Level 5 set package 'karate_robot_sim' build argument 'cmake_clean_cache' from command line to 'False'
[0.263s] colcon.colcon_core.verb Level 5 set package 'karate_robot_sim' build argument 'cmake_clean_first' from command line to 'False'
[0.263s] colcon.colcon_core.verb Level 5 set package 'karate_robot_sim' build argument 'cmake_force_configure' from command line to 'False'
[0.263s] colcon.colcon_core.verb Level 5 set package 'karate_robot_sim' build argument 'ament_cmake_args' from command line to 'None'
[0.263s] colcon.colcon_core.verb Level 5 set package 'karate_robot_sim' build argument 'catkin_cmake_args' from command line to 'None'
[0.263s] colcon.colcon_core.verb Level 5 set package 'karate_robot_sim' build argument 'catkin_skip_building_tests' from command line to 'False'
[0.263s] colcon.colcon_core.verb DEBUG Building package 'karate_robot_sim' with the following arguments: {'ament_cmake_args': None, 'build_base': '/Users/jeffboggs/karate_robot/simulation/ros2/build/karate_robot_sim', 'catkin_cmake_args': None, 'catkin_skip_building_tests': False, 'cmake_args': None, 'cmake_clean_cache': False, 'cmake_clean_first': False, 'cmake_force_configure': False, 'cmake_target': None, 'cmake_target_skip_unavailable': False, 'install_base': '/Users/jeffboggs/karate_robot/simulation/ros2/install/karate_robot_sim', 'merge_install': False, 'path': '/Users/jeffboggs/karate_robot/simulation/ros2/karate_robot_sim', 'symlink_install': False, 'test_result_base': None}
[0.263s] colcon.colcon_core.executor INFO Executing jobs using 'parallel' executor
[0.264s] colcon.colcon_parallel_executor.executor.parallel DEBUG run_until_complete
[0.264s] colcon.colcon_ros.task.ament_python.build INFO Building ROS package in '/Users/jeffboggs/karate_robot/simulation/ros2/karate_robot_bridge' with build type 'ament_python'
[0.264s] colcon.colcon_core.shell Level 1 create_environment_hook('karate_robot_bridge', 'ament_prefix_path')
[0.265s] colcon.colcon_core.plugin_system INFO Skipping extension 'colcon_core.shell.bat': Not used on non-Windows systems
[0.265s] colcon.colcon_core.shell INFO Creating environment hook '/Users/jeffboggs/karate_robot/simulation/ros2/install/karate_robot_bridge/share/karate_robot_bridge/hook/ament_prefix_path.ps1'
[0.266s] colcon.colcon_core.shell INFO Creating environment descriptor '/Users/jeffboggs/karate_robot/simulation/ros2/install/karate_robot_bridge/share/karate_robot_bridge/hook/ament_prefix_path.dsv'
[0.266s] colcon.colcon_core.shell INFO Creating environment hook '/Users/jeffboggs/karate_robot/simulation/ros2/install/karate_robot_bridge/share/karate_robot_bridge/hook/ament_prefix_path.sh'
[0.267s] colcon.colcon_core.shell INFO Skip shell extension 'powershell' for command environment: Not usable outside of PowerShell
[0.267s] colcon.colcon_core.shell DEBUG Skip shell extension 'dsv' for command environment
[0.269s] colcon.colcon_ros.task.ament_python.build INFO Building ROS package in '/Users/jeffboggs/karate_robot/simulation/ros2/karate_robot_sim' with build type 'ament_python'
[0.270s] colcon.colcon_core.shell Level 1 create_environment_hook('karate_robot_sim', 'ament_prefix_path')
[0.270s] colcon.colcon_core.shell INFO Creating environment hook '/Users/jeffboggs/karate_robot/simulation/ros2/install/karate_robot_sim/share/karate_robot_sim/hook/ament_prefix_path.ps1'
[0.271s] colcon.colcon_core.shell INFO Creating environment descriptor '/Users/jeffboggs/karate_robot/simulation/ros2/install/karate_robot_sim/share/karate_robot_sim/hook/ament_prefix_path.dsv'
[0.271s] colcon.colcon_core.shell INFO Creating environment hook '/Users/jeffboggs/karate_robot/simulation/ros2/install/karate_robot_sim/share/karate_robot_sim/hook/ament_prefix_path.sh'
[0.271s] colcon.colcon_core.shell INFO Skip shell extension 'powershell' for command environment: Not usable outside of PowerShell
[0.271s] colcon.colcon_core.shell DEBUG Skip shell extension 'dsv' for command environment
[0.406s] colcon.colcon_core.task.python.build INFO Building Python package in '/Users/jeffboggs/karate_robot/simulation/ros2/karate_robot_bridge'
[0.406s] colcon.colcon_core.shell INFO Skip shell extension 'powershell' for command environment: Not usable outside of PowerShell
[0.406s] colcon.colcon_core.shell DEBUG Skip shell extension 'dsv' for command environment
[0.537s] colcon.colcon_core.task.python.build INFO Building Python package in '/Users/jeffboggs/karate_robot/simulation/ros2/karate_robot_sim'
[0.537s] colcon.colcon_core.shell INFO Skip shell extension 'powershell' for command environment: Not usable outside of PowerShell
[0.537s] colcon.colcon_core.shell DEBUG Skip shell extension 'dsv' for command environment
[0.853s] colcon.colcon_core.event_handler.log_command DEBUG Invoking command in '/Users/jeffboggs/karate_robot/simulation/ros2/karate_robot_sim': PYTHONPATH=/Users/jeffboggs/karate_robot/simulation/ros2/build/karate_robot_sim/prefix_override:/Library/Frameworks/Python.framework/Versions/3.12/lib/python3.12/site-packages/colcon_core/task/python/colcon_distutils_commands:/Users/jeffboggs/karate_robot/simulation/ros2/install/karate_robot_sim/lib/python3.12/site-packages: SHLVL=2 _=/usr/bin/env /Library/Frameworks/Python.framework/Versions/3.12/bin/python3 -W ignore:setup.py install is deprecated -W ignore:easy_install command is deprecated setup.py egg_info --egg-base ../build/karate_robot_sim build --build-base /Users/jeffboggs/karate_robot/simulation/ros2/build/karate_robot_sim/build install --record /Users/jeffboggs/karate_robot/simulation/ros2/build/karate_robot_sim/install.log --single-version-externally-managed install_data
[0.855s] colcon.colcon_core.event_handler.log_command DEBUG Invoking command in '/Users/jeffboggs/karate_robot/simulation/ros2/karate_robot_bridge': PYTHONPATH=/Users/jeffboggs/karate_robot/simulation/ros2/build/karate_robot_bridge/prefix_override:/Library/Frameworks/Python.framework/Versions/3.12/lib/python3.12/site-packages/colcon_core/task/python/colcon_distutils_commands:/Users/jeffboggs/karate_robot/simulation/ros2/install/karate_robot_bridge/lib/python3.12/site-packages: SHLVL=2 _=/usr/bin/env /Library/Frameworks/Python.framework/Versions/3.12/bin/python3 -W ignore:setup.py install is deprecated -W ignore:easy_install command is deprecated setup.py egg_info --egg-base ../build/karate_robot_bridge build --build-base /Users/jeffboggs/karate_robot/simulation/ros2/build/karate_robot_bridge/build install --record /Users/jeffboggs/karate_robot/simulation/ros2/build/karate_robot_bridge/install.log --single-version-externally-managed install_data
[1.160s] colcon.colcon_core.event_handler.log_command DEBUG Invoked command in '/Users/jeffboggs/karate_robot/simulation/ros2/karate_robot_sim' returned '0': PYTHONPATH=/Users/jeffboggs/karate_robot/simulation/ros2/build/karate_robot_sim/prefix_override:/Library/Frameworks/Python.framework/Versions/3.12/lib/python3.12/site-packages/colcon_core/task/python/colcon_distutils_commands:/Users/jeffboggs/karate_robot/simulation/ros2/install/karate_robot_sim/lib/python3.12/site-packages: SHLVL=2 _=/usr/bin/env /Library/Frameworks/Python.framework/Versions/3.12/bin/python3 -W ignore:setup.py install is deprecated -W ignore:easy_install command is deprecated setup.py egg_info --egg-base ../build/karate_robot_sim build --build-base /Users/jeffboggs/karate_robot/simulation/ros2/build/karate_robot_sim/build install --record /Users/jeffboggs/karate_robot/simulation/ros2/build/karate_robot_sim/install.log --single-version-externally-managed install_data
[1.162s] colcon.colcon_core.environment Level 1 checking '/Users/jeffboggs/karate_robot/simulation/ros2/install/karate_robot_sim' for CMake module files
[1.163s] colcon.colcon_core.environment Level 1 checking '/Users/jeffboggs/karate_robot/simulation/ros2/install/karate_robot_sim' for CMake config files
[1.163s] colcon.colcon_core.environment Level 1 checking '/Users/jeffboggs/karate_robot/simulation/ros2/install/karate_robot_sim/lib'
[1.163s] colcon.colcon_core.environment Level 1 checking '/Users/jeffboggs/karate_robot/simulation/ros2/install/karate_robot_sim/bin'
[1.163s] colcon.colcon_core.environment Level 1 checking '/Users/jeffboggs/karate_robot/simulation/ros2/install/karate_robot_sim/lib/pkgconfig/karate_robot_sim.pc'
[1.164s] colcon.colcon_core.environment Level 1 checking '/Users/jeffboggs/karate_robot/simulation/ros2/install/karate_robot_sim/lib/python3.12/site-packages'
[1.164s] colcon.colcon_core.shell Level 1 create_environment_hook('karate_robot_sim', 'pythonpath')
[1.164s] colcon.colcon_core.shell INFO Creating environment hook '/Users/jeffboggs/karate_robot/simulation/ros2/install/karate_robot_sim/share/karate_robot_sim/hook/pythonpath.ps1'
[1.164s] colcon.colcon_core.shell INFO Creating environment descriptor '/Users/jeffboggs/karate_robot/simulation/ros2/install/karate_robot_sim/share/karate_robot_sim/hook/pythonpath.dsv'
[1.165s] colcon.colcon_core.shell INFO Creating environment hook '/Users/jeffboggs/karate_robot/simulation/ros2/install/karate_robot_sim/share/karate_robot_sim/hook/pythonpath.sh'
[1.165s] colcon.colcon_core.environment Level 1 checking '/Users/jeffboggs/karate_robot/simulation/ros2/install/karate_robot_sim/bin'
[1.166s] colcon.colcon_core.environment Level 1 create_environment_scripts_only(karate_robot_sim)
[1.166s] colcon.colcon_core.shell INFO Creating package script '/Users/jeffboggs/karate_robot/simulation/ros2/install/karate_robot_sim/share/karate_robot_sim/package.ps1'
[1.166s] colcon.colcon_core.shell INFO Creating package descriptor '/Users/jeffboggs/karate_robot/simulation/ros2/install/karate_robot_sim/share/karate_robot_sim/package.dsv'
[1.167s] colcon.colcon_core.shell INFO Creating package script '/Users/jeffboggs/karate_robot/simulation/ros2/install/karate_robot_sim/share/karate_robot_sim/package.sh'
[1.168s] colcon.colcon_core.shell INFO Creating package script '/Users/jeffboggs/karate_robot/simulation/ros2/install/karate_robot_sim/share/karate_robot_sim/package.bash'
[1.168s] colcon.colcon_core.shell INFO Creating package script '/Users/jeffboggs/karate_robot/simulation/ros2/install/karate_robot_sim/share/karate_robot_sim/package.zsh'
[1.169s] colcon.colcon_core.environment Level 1 create_file_with_runtime_dependencies(/Users/jeffboggs/karate_robot/simulation/ros2/install/karate_robot_sim/share/colcon-core/packages/karate_robot_sim)
[1.169s] colcon.colcon_core.environment Level 1 checking '/Users/jeffboggs/karate_robot/simulation/ros2/install/karate_robot_bridge' for CMake module files
[1.170s] colcon.colcon_core.environment Level 1 checking '/Users/jeffboggs/karate_robot/simulation/ros2/install/karate_robot_bridge' for CMake config files
[1.170s] colcon.colcon_core.event_handler.log_command DEBUG Invoked command in '/Users/jeffboggs/karate_robot/simulation/ros2/karate_robot_bridge' returned '0': PYTHONPATH=/Users/jeffboggs/karate_robot/simulation/ros2/build/karate_robot_bridge/prefix_override:/Library/Frameworks/Python.framework/Versions/3.12/lib/python3.12/site-packages/colcon_core/task/python/colcon_distutils_commands:/Users/jeffboggs/karate_robot/simulation/ros2/install/karate_robot_bridge/lib/python3.12/site-packages: SHLVL=2 _=/usr/bin/env /Library/Frameworks/Python.framework/Versions/3.12/bin/python3 -W ignore:setup.py install is deprecated -W ignore:easy_install command is deprecated setup.py egg_info --egg-base ../build/karate_robot_bridge build --build-base /Users/jeffboggs/karate_robot/simulation/ros2/build/karate_robot_bridge/build install --record /Users/jeffboggs/karate_robot/simulation/ros2/build/karate_robot_bridge/install.log --single-version-externally-managed install_data
[1.170s] colcon.colcon_core.environment Level 1 checking '/Users/jeffboggs/karate_robot/simulation/ros2/install/karate_robot_bridge/lib'
[1.170s] colcon.colcon_core.environment Level 1 checking '/Users/jeffboggs/karate_robot/simulation/ros2/install/karate_robot_bridge/bin'
[1.170s] colcon.colcon_core.environment Level 1 checking '/Users/jeffboggs/karate_robot/simulation/ros2/install/karate_robot_bridge/lib/pkgconfig/karate_robot_bridge.pc'
[1.171s] colcon.colcon_core.environment Level 1 checking '/Users/jeffboggs/karate_robot/simulation/ros2/install/karate_robot_bridge/lib/python3.12/site-packages'
[1.171s] colcon.colcon_core.shell Level 1 create_environment_hook('karate_robot_bridge', 'pythonpath')
[1.171s] colcon.colcon_core.shell INFO Creating environment hook '/Users/jeffboggs/karate_robot/simulation/ros2/install/karate_robot_bridge/share/karate_robot_bridge/hook/pythonpath.ps1'
[1.171s] colcon.colcon_core.shell INFO Creating environment descriptor '/Users/jeffboggs/karate_robot/simulation/ros2/install/karate_robot_bridge/share/karate_robot_bridge/hook/pythonpath.dsv'
[1.171s] colcon.colcon_core.shell INFO Creating environment hook '/Users/jeffboggs/karate_robot/simulation/ros2/install/karate_robot_bridge/share/karate_robot_bridge/hook/pythonpath.sh'
[1.172s] colcon.colcon_core.environment Level 1 checking '/Users/jeffboggs/karate_robot/simulation/ros2/install/karate_robot_bridge/bin'
[1.172s] colcon.colcon_core.environment Level 1 create_environment_scripts_only(karate_robot_bridge)
[1.172s] colcon.colcon_core.shell INFO Creating package script '/Users/jeffboggs/karate_robot/simulation/ros2/install/karate_robot_bridge/share/karate_robot_bridge/package.ps1'
[1.172s] colcon.colcon_core.shell INFO Creating package descriptor '/Users/jeffboggs/karate_robot/simulation/ros2/install/karate_robot_bridge/share/karate_robot_bridge/package.dsv'
[1.173s] colcon.colcon_core.shell INFO Creating package script '/Users/jeffboggs/karate_robot/simulation/ros2/install/karate_robot_bridge/share/karate_robot_bridge/package.sh'
[1.173s] colcon.colcon_core.shell INFO Creating package script '/Users/jeffboggs/karate_robot/simulation/ros2/install/karate_robot_bridge/share/karate_robot_bridge/package.bash'
[1.173s] colcon.colcon_core.shell INFO Creating package script '/Users/jeffboggs/karate_robot/simulation/ros2/install/karate_robot_bridge/share/karate_robot_bridge/package.zsh'
[1.174s] colcon.colcon_core.environment Level 1 create_file_with_runtime_dependencies(/Users/jeffboggs/karate_robot/simulation/ros2/install/karate_robot_bridge/share/colcon-core/packages/karate_robot_bridge)
[1.174s] colcon.colcon_parallel_executor.executor.parallel DEBUG closing loop
[1.174s] colcon.colcon_parallel_executor.executor.parallel DEBUG loop closed
[1.174s] colcon.colcon_parallel_executor.executor.parallel DEBUG run_until_complete finished with '0'
[1.174s] colcon.colcon_core.event_reactor DEBUG joining thread
[1.176s] colcon.colcon_core.plugin_system INFO Skipping extension 'colcon_notification.desktop_notification.notify2': 'notify2' not found
[1.176s] colcon.colcon_core.plugin_system INFO Skipping extension 'colcon_notification.desktop_notification.notify_send': Not used on non-Linux systems
[1.176s] colcon.colcon_core.plugin_system INFO Skipping extension 'colcon_notification.desktop_notification.win32': Not used on non-Windows systems
[1.176s] colcon.colcon_notification.desktop_notification INFO Sending desktop notification using 'terminal_notifier'
[1.310s] colcon.colcon_core.event_reactor DEBUG joined thread
[1.311s] colcon.colcon_core.shell INFO Creating prefix script '/Users/jeffboggs/karate_robot/simulation/ros2/install/local_setup.ps1'
[1.312s] colcon.colcon_core.shell INFO Creating prefix util module '/Users/jeffboggs/karate_robot/simulation/ros2/install/_local_setup_util_ps1.py'
[1.313s] colcon.colcon_core.shell INFO Creating prefix chain script '/Users/jeffboggs/karate_robot/simulation/ros2/install/setup.ps1'
[1.314s] colcon.colcon_core.shell INFO Creating prefix script '/Users/jeffboggs/karate_robot/simulation/ros2/install/local_setup.sh'
[1.315s] colcon.colcon_core.shell INFO Creating prefix util module '/Users/jeffboggs/karate_robot/simulation/ros2/install/_local_setup_util_sh.py'
[1.316s] colcon.colcon_core.shell INFO Creating prefix chain script '/Users/jeffboggs/karate_robot/simulation/ros2/install/setup.sh'
[1.317s] colcon.colcon_core.shell INFO Creating prefix script '/Users/jeffboggs/karate_robot/simulation/ros2/install/local_setup.bash'
[1.317s] colcon.colcon_core.shell INFO Creating prefix chain script '/Users/jeffboggs/karate_robot/simulation/ros2/install/setup.bash'
[1.318s] colcon.colcon_core.shell INFO Creating prefix script '/Users/jeffboggs/karate_robot/simulation/ros2/install/local_setup.zsh'
[1.319s] colcon.colcon_core.shell INFO Creating prefix chain script '/Users/jeffboggs/karate_robot/simulation/ros2/install/setup.zsh'
