running egg_info
writing ../build/karate_robot_bridge/karate_robot_bridge.egg-info/PKG-INFO
writing dependency_links to ../build/karate_robot_bridge/karate_robot_bridge.egg-info/dependency_links.txt
writing entry points to ../build/karate_robot_bridge/karate_robot_bridge.egg-info/entry_points.txt
writing requirements to ../build/karate_robot_bridge/karate_robot_bridge.egg-info/requires.txt
writing top-level names to ../build/karate_robot_bridge/karate_robot_bridge.egg-info/top_level.txt
reading manifest file '../build/karate_robot_bridge/karate_robot_bridge.egg-info/SOURCES.txt'
writing manifest file '../build/karate_robot_bridge/karate_robot_bridge.egg-info/SOURCES.txt'
running build
running build_py
copying karate_robot_bridge/register_bridge.py -> /Users/jeffboggs/karate_robot/simulation/ros2/build/karate_robot_bridge/build/lib/karate_robot_bridge
copying karate_robot_bridge/__init__.py -> /Users/jeffboggs/karate_robot/simulation/ros2/build/karate_robot_bridge/build/lib/karate_robot_bridge
copying karate_robot_bridge/test_pose_publisher.py -> /Users/jeffboggs/karate_robot/simulation/ros2/build/karate_robot_bridge/build/lib/karate_robot_bridge
running install
running install_lib
copying /Users/jeffboggs/karate_robot/simulation/ros2/build/karate_robot_bridge/build/lib/karate_robot_bridge/test_pose_publisher.py -> /Users/jeffboggs/karate_robot/simulation/ros2/install/karate_robot_bridge/lib/python3.11/site-packages/karate_robot_bridge
byte-compiling /Users/jeffboggs/karate_robot/simulation/ros2/install/karate_robot_bridge/lib/python3.11/site-packages/karate_robot_bridge/test_pose_publisher.py to test_pose_publisher.cpython-311.pyc
running install_data
copying resource/karate_robot_bridge -> /Users/jeffboggs/karate_robot/simulation/ros2/install/karate_robot_bridge/share/ament_index/resource_index/packages
copying package.xml -> /Users/jeffboggs/karate_robot/simulation/ros2/install/karate_robot_bridge/share/karate_robot_bridge
running install_egg_info
removing '/Users/jeffboggs/karate_robot/simulation/ros2/install/karate_robot_bridge/lib/python3.11/site-packages/karate_robot_bridge-0.1.0-py3.11.egg-info' (and everything under it)
Copying ../build/karate_robot_bridge/karate_robot_bridge.egg-info to /Users/jeffboggs/karate_robot/simulation/ros2/install/karate_robot_bridge/lib/python3.11/site-packages/karate_robot_bridge-0.1.0-py3.11.egg-info
running install_scripts
Installing register_bridge script to /Users/jeffboggs/karate_robot/simulation/ros2/install/karate_robot_bridge/lib/karate_robot_bridge
Installing test_pose_publisher script to /Users/jeffboggs/karate_robot/simulation/ros2/install/karate_robot_bridge/lib/karate_robot_bridge
writing list of installed files to '/Users/jeffboggs/karate_robot/simulation/ros2/build/karate_robot_bridge/install.log'
