[0.669s] Invoking command in '/Users/jeffboggs/karate_robot/simulation/ros2/karate_robot_bridge': CONDA_PROMPT_MODIFIER=(ros2) PYTHONPATH=/Users/jeffboggs/karate_robot/simulation/ros2/build/karate_robot_bridge/prefix_override:/Users/jeffboggs/miniforge3/envs/ros2/lib/python3.11/site-packages/colcon_core/task/python/colcon_distutils_commands:/Users/jeffboggs/karate_robot/simulation/ros2/install/karate_robot_bridge/lib/python3.11/site-packages:${PYTHONPATH} SHLVL=3 _=/usr/bin/env /Users/jeffboggs/miniforge3/envs/ros2/bin/python -W ignore:setup.py install is deprecated -W ignore:easy_install command is deprecated setup.py egg_info --egg-base ../build/karate_robot_bridge build --build-base /Users/jeffboggs/karate_robot/simulation/ros2/build/karate_robot_bridge/build install --record /Users/jeffboggs/karate_robot/simulation/ros2/build/karate_robot_bridge/install.log --single-version-externally-managed install_data
[0.769s] /Users/jeffboggs/miniforge3/envs/ros2/lib/python3.11/site-packages/setuptools/_distutils/dist.py:289: UserWarning: Unknown distribution option: 'tests_require'
[0.769s]   warnings.warn(msg)
[0.818s] running egg_info
[0.826s] writing ../build/karate_robot_bridge/karate_robot_bridge.egg-info/PKG-INFO
[0.827s] writing dependency_links to ../build/karate_robot_bridge/karate_robot_bridge.egg-info/dependency_links.txt
[0.827s] writing entry points to ../build/karate_robot_bridge/karate_robot_bridge.egg-info/entry_points.txt
[0.827s] writing requirements to ../build/karate_robot_bridge/karate_robot_bridge.egg-info/requires.txt
[0.827s] writing top-level names to ../build/karate_robot_bridge/karate_robot_bridge.egg-info/top_level.txt
[0.843s] reading manifest file '../build/karate_robot_bridge/karate_robot_bridge.egg-info/SOURCES.txt'
[0.844s] writing manifest file '../build/karate_robot_bridge/karate_robot_bridge.egg-info/SOURCES.txt'
[0.844s] running build
[0.844s] running build_py
[0.845s] copying karate_robot_bridge/register_bridge.py -> /Users/jeffboggs/karate_robot/simulation/ros2/build/karate_robot_bridge/build/lib/karate_robot_bridge
[0.845s] copying karate_robot_bridge/__init__.py -> /Users/jeffboggs/karate_robot/simulation/ros2/build/karate_robot_bridge/build/lib/karate_robot_bridge
[0.846s] copying karate_robot_bridge/test_pose_publisher.py -> /Users/jeffboggs/karate_robot/simulation/ros2/build/karate_robot_bridge/build/lib/karate_robot_bridge
[0.847s] running install
[0.850s] running install_lib
[0.858s] copying /Users/jeffboggs/karate_robot/simulation/ros2/build/karate_robot_bridge/build/lib/karate_robot_bridge/test_pose_publisher.py -> /Users/jeffboggs/karate_robot/simulation/ros2/install/karate_robot_bridge/lib/python3.11/site-packages/karate_robot_bridge
[0.859s] byte-compiling /Users/jeffboggs/karate_robot/simulation/ros2/install/karate_robot_bridge/lib/python3.11/site-packages/karate_robot_bridge/test_pose_publisher.py to test_pose_publisher.cpython-311.pyc
[0.859s] running install_data
[0.860s] copying resource/karate_robot_bridge -> /Users/jeffboggs/karate_robot/simulation/ros2/install/karate_robot_bridge/share/ament_index/resource_index/packages
[0.861s] copying package.xml -> /Users/jeffboggs/karate_robot/simulation/ros2/install/karate_robot_bridge/share/karate_robot_bridge
[0.861s] running install_egg_info
[0.872s] removing '/Users/jeffboggs/karate_robot/simulation/ros2/install/karate_robot_bridge/lib/python3.11/site-packages/karate_robot_bridge-0.1.0-py3.11.egg-info' (and everything under it)
[0.872s] Copying ../build/karate_robot_bridge/karate_robot_bridge.egg-info to /Users/jeffboggs/karate_robot/simulation/ros2/install/karate_robot_bridge/lib/python3.11/site-packages/karate_robot_bridge-0.1.0-py3.11.egg-info
[0.875s] running install_scripts
[0.938s] Installing register_bridge script to /Users/jeffboggs/karate_robot/simulation/ros2/install/karate_robot_bridge/lib/karate_robot_bridge
[0.938s] Installing test_pose_publisher script to /Users/jeffboggs/karate_robot/simulation/ros2/install/karate_robot_bridge/lib/karate_robot_bridge
[0.938s] writing list of installed files to '/Users/jeffboggs/karate_robot/simulation/ros2/build/karate_robot_bridge/install.log'
[0.969s] Invoked command in '/Users/jeffboggs/karate_robot/simulation/ros2/karate_robot_bridge' returned '0': CONDA_PROMPT_MODIFIER=(ros2) PYTHONPATH=/Users/jeffboggs/karate_robot/simulation/ros2/build/karate_robot_bridge/prefix_override:/Users/jeffboggs/miniforge3/envs/ros2/lib/python3.11/site-packages/colcon_core/task/python/colcon_distutils_commands:/Users/jeffboggs/karate_robot/simulation/ros2/install/karate_robot_bridge/lib/python3.11/site-packages:${PYTHONPATH} SHLVL=3 _=/usr/bin/env /Users/jeffboggs/miniforge3/envs/ros2/bin/python -W ignore:setup.py install is deprecated -W ignore:easy_install command is deprecated setup.py egg_info --egg-base ../build/karate_robot_bridge build --build-base /Users/jeffboggs/karate_robot/simulation/ros2/build/karate_robot_bridge/build install --record /Users/jeffboggs/karate_robot/simulation/ros2/build/karate_robot_bridge/install.log --single-version-externally-managed install_data
